[2025-11-07T14:05:09.268+0000] {local_task_job_runner.py:120} INFO - ::group::Pre task execution logs
[2025-11-07T14:05:09.280+0000] {taskinstance.py:2076} INFO - Dependencies all met for dep_context=non-requeueable deps ti=<TaskInstance: ml_pipeline_dag.run_monitoring manual__2025-11-07T14:04:41.320295+00:00 [queued]>
[2025-11-07T14:05:09.283+0000] {taskinstance.py:2076} INFO - Dependencies all met for dep_context=requeueable deps ti=<TaskInstance: ml_pipeline_dag.run_monitoring manual__2025-11-07T14:04:41.320295+00:00 [queued]>
[2025-11-07T14:05:09.283+0000] {taskinstance.py:2306} INFO - Starting attempt 1 of 2
[2025-11-07T14:05:09.288+0000] {taskinstance.py:2330} INFO - Executing <Task(PythonOperator): run_monitoring> on 2025-11-07 14:04:41.320295+00:00
[2025-11-07T14:05:09.293+0000] {standard_task_runner.py:63} INFO - Started process 188 to run task
[2025-11-07T14:05:09.297+0000] {standard_task_runner.py:90} INFO - Running: ['airflow', 'tasks', 'run', 'ml_pipeline_dag', 'run_monitoring', 'manual__2025-11-07T14:04:41.320295+00:00', '--job-id', '7', '--raw', '--subdir', 'DAGS_FOLDER/ml_pipeline_dag.py', '--cfg-path', '/tmp/tmpyo3upmmq']
[2025-11-07T14:05:09.303+0000] {standard_task_runner.py:91} INFO - Job 7: Subtask run_monitoring
[2025-11-07T14:05:09.345+0000] {task_command.py:426} INFO - Running <TaskInstance: ml_pipeline_dag.run_monitoring manual__2025-11-07T14:04:41.320295+00:00 [running]> on host b06cd9aad9e1
[2025-11-07T14:05:09.568+0000] {taskinstance.py:2648} INFO - Exporting env vars: AIRFLOW_CTX_DAG_OWNER='airflow' AIRFLOW_CTX_DAG_ID='ml_pipeline_dag' AIRFLOW_CTX_TASK_ID='run_monitoring' AIRFLOW_CTX_EXECUTION_DATE='2025-11-07T14:04:41.320295+00:00' AIRFLOW_CTX_TRY_NUMBER='1' AIRFLOW_CTX_DAG_RUN_ID='manual__2025-11-07T14:04:41.320295+00:00'
[2025-11-07T14:05:09.571+0000] {taskinstance.py:430} INFO - ::endgroup::
[2025-11-07T14:05:11.180+0000] {logging_mixin.py:188} INFO - === Start monitoring ===
[2025-11-07T14:05:11.181+0000] {logging_mixin.py:188} INFO - === AUC check for 2023-11-01 ===
[2025-11-07T14:05:11.235+0000] {logging_mixin.py:188} INFO - AUC[2023-11-01] = 0.9884
[2025-11-07T14:05:11.235+0000] {logging_mixin.py:188} INFO - Not enough prediction snapshots for PSI (need >=2). Skipping.
[2025-11-07T14:05:11.239+0000] {logging_mixin.py:188} INFO - 💾 Saved monitoring summary to /opt/airflow/datamart/gold/monitor_store/monitoring_summary.parquet
[2025-11-07T14:05:11.239+0000] {python.py:237} INFO - Done. Returned value was: None
[2025-11-07T14:05:11.239+0000] {taskinstance.py:441} INFO - ::group::Post task execution logs
[2025-11-07T14:05:11.255+0000] {taskinstance.py:1206} INFO - Marking task as SUCCESS. dag_id=ml_pipeline_dag, task_id=run_monitoring, run_id=manual__2025-11-07T14:04:41.320295+00:00, execution_date=20251107T140441, start_date=20251107T140509, end_date=20251107T140511
[2025-11-07T14:05:11.337+0000] {local_task_job_runner.py:240} INFO - Task exited with return code 0
[2025-11-07T14:05:11.392+0000] {taskinstance.py:3503} INFO - 0 downstream tasks scheduled from follow-on schedule check
[2025-11-07T14:05:11.392+0000] {local_task_job_runner.py:222} INFO - ::endgroup::
