[2025-11-09T07:26:23.552+0000] {local_task_job_runner.py:120} INFO - ::group::Pre task execution logs
[2025-11-09T07:26:23.576+0000] {taskinstance.py:2076} INFO - Dependencies all met for dep_context=non-requeueable deps ti=<TaskInstance: ml_pipeline_dag.etl_gold scheduled__2025-01-01T00:00:00+00:00 [queued]>
[2025-11-09T07:26:23.580+0000] {taskinstance.py:2076} INFO - Dependencies all met for dep_context=requeueable deps ti=<TaskInstance: ml_pipeline_dag.etl_gold scheduled__2025-01-01T00:00:00+00:00 [queued]>
[2025-11-09T07:26:23.580+0000] {taskinstance.py:2306} INFO - Starting attempt 1 of 2
[2025-11-09T07:26:23.592+0000] {taskinstance.py:2330} INFO - Executing <Task(PythonOperator): etl_gold> on 2025-01-01 00:00:00+00:00
[2025-11-09T07:26:23.613+0000] {standard_task_runner.py:63} INFO - Started process 4454 to run task
[2025-11-09T07:26:23.627+0000] {standard_task_runner.py:90} INFO - Running: ['airflow', 'tasks', 'run', 'ml_pipeline_dag', 'etl_gold', 'scheduled__2025-01-01T00:00:00+00:00', '--job-id', '136', '--raw', '--subdir', 'DAGS_FOLDER/ml_pipeline_dag.py', '--cfg-path', '/tmp/tmphoikjl6a']
[2025-11-09T07:26:23.634+0000] {standard_task_runner.py:91} INFO - Job 136: Subtask etl_gold
[2025-11-09T07:26:23.681+0000] {task_command.py:426} INFO - Running <TaskInstance: ml_pipeline_dag.etl_gold scheduled__2025-01-01T00:00:00+00:00 [running]> on host 43f902d7ce51
[2025-11-09T07:26:23.747+0000] {taskinstance.py:2648} INFO - Exporting env vars: AIRFLOW_CTX_DAG_OWNER='airflow' AIRFLOW_CTX_DAG_ID='ml_pipeline_dag' AIRFLOW_CTX_TASK_ID='etl_gold' AIRFLOW_CTX_EXECUTION_DATE='2025-01-01T00:00:00+00:00' AIRFLOW_CTX_TRY_NUMBER='1' AIRFLOW_CTX_DAG_RUN_ID='scheduled__2025-01-01T00:00:00+00:00'
[2025-11-09T07:26:23.748+0000] {taskinstance.py:430} INFO - ::endgroup::
[2025-11-09T07:26:24.553+0000] {logging_mixin.py:188} INFO - >>> Running Gold Backfill...
[2025-11-09T07:26:24.553+0000] {logging_mixin.py:188} INFO - === GOLD: features/labels monthly (partitioned by snapshot_date) ===
[2025-11-09T07:26:25.015+0000] {logging_mixin.py:188} INFO - [GOLD] 2023-01-01 -> features=530  labels=12500
[2025-11-09T07:26:25.159+0000] {logging_mixin.py:188} INFO - [GOLD] 2023-02-01 -> features=1031  labels=12500
[2025-11-09T07:26:25.297+0000] {logging_mixin.py:188} INFO - [GOLD] 2023-03-01 -> features=1537  labels=12500
[2025-11-09T07:26:25.595+0000] {logging_mixin.py:188} INFO - [GOLD] 2023-04-01 -> features=2047  labels=12500
[2025-11-09T07:26:26.017+0000] {logging_mixin.py:188} INFO - [GOLD] 2023-05-01 -> features=2568  labels=12500
[2025-11-09T07:26:26.398+0000] {logging_mixin.py:188} INFO - [GOLD] 2023-06-01 -> features=3085  labels=12500
[2025-11-09T07:26:26.670+0000] {logging_mixin.py:188} INFO - [GOLD] 2023-07-01 -> features=3556  labels=12500
[2025-11-09T07:26:27.119+0000] {logging_mixin.py:188} INFO - [GOLD] 2023-08-01 -> features=4037  labels=12500
[2025-11-09T07:26:27.486+0000] {logging_mixin.py:188} INFO - [GOLD] 2023-09-01 -> features=4491  labels=12500
[2025-11-09T07:26:27.844+0000] {logging_mixin.py:188} INFO - [GOLD] 2023-10-01 -> features=4978  labels=12500
[2025-11-09T07:26:28.459+0000] {logging_mixin.py:188} INFO - [GOLD] 2023-11-01 -> features=5469  labels=12500
[2025-11-09T07:26:30.659+0000] {logging_mixin.py:188} INFO - [GOLD] 2023-12-01 -> features=5958  labels=12500
[2025-11-09T07:26:31.285+0000] {logging_mixin.py:188} INFO - [GOLD] 2024-01-01 -> features=6443  labels=12500
[2025-11-09T07:26:31.808+0000] {logging_mixin.py:188} INFO - [GOLD] 2024-02-01 -> features=6961  labels=12500
[2025-11-09T07:26:32.425+0000] {logging_mixin.py:188} INFO - [GOLD] 2024-03-01 -> features=7472  labels=12500
[2025-11-09T07:26:32.999+0000] {logging_mixin.py:188} INFO - [GOLD] 2024-04-01 -> features=7985  labels=12500
[2025-11-09T07:26:33.946+0000] {logging_mixin.py:188} INFO - [GOLD] 2024-05-01 -> features=8476  labels=12500
[2025-11-09T07:26:35.127+0000] {logging_mixin.py:188} INFO - [GOLD] 2024-06-01 -> features=8974  labels=12500
[2025-11-09T07:26:35.913+0000] {logging_mixin.py:188} INFO - [GOLD] 2024-07-01 -> features=9479  labels=12500
[2025-11-09T07:26:36.653+0000] {logging_mixin.py:188} INFO - [GOLD] 2024-08-01 -> features=10022  labels=12500
[2025-11-09T07:26:37.545+0000] {logging_mixin.py:188} INFO - [GOLD] 2024-09-01 -> features=10515  labels=12500
[2025-11-09T07:26:38.276+0000] {logging_mixin.py:188} INFO - [GOLD] 2024-10-01 -> features=10971  labels=12500
[2025-11-09T07:26:39.275+0000] {logging_mixin.py:188} INFO - [GOLD] 2024-11-01 -> features=11459  labels=12500
[2025-11-09T07:26:40.657+0000] {logging_mixin.py:188} INFO - [GOLD] 2024-12-01 -> features=11974  labels=12500
[2025-11-09T07:26:40.659+0000] {logging_mixin.py:188} INFO - ✅ Gold done
[2025-11-09T07:26:40.676+0000] {python.py:237} INFO - Done. Returned value was: None
[2025-11-09T07:26:40.676+0000] {taskinstance.py:441} INFO - ::group::Post task execution logs
[2025-11-09T07:26:40.700+0000] {taskinstance.py:1206} INFO - Marking task as SUCCESS. dag_id=ml_pipeline_dag, task_id=etl_gold, run_id=scheduled__2025-01-01T00:00:00+00:00, execution_date=20250101T000000, start_date=20251109T072623, end_date=20251109T072640
[2025-11-09T07:26:40.775+0000] {local_task_job_runner.py:240} INFO - Task exited with return code 0
[2025-11-09T07:26:40.846+0000] {taskinstance.py:3503} INFO - 1 downstream tasks scheduled from follow-on schedule check
[2025-11-09T07:26:40.848+0000] {local_task_job_runner.py:222} INFO - ::endgroup::
