[2025-11-09T07:18:19.470+0000] {local_task_job_runner.py:120} INFO - ::group::Pre task execution logs
[2025-11-09T07:18:19.498+0000] {taskinstance.py:2076} INFO - Dependencies all met for dep_context=non-requeueable deps ti=<TaskInstance: ml_pipeline_dag.run_monitoring scheduled__2024-04-01T00:00:00+00:00 [queued]>
[2025-11-09T07:18:19.502+0000] {taskinstance.py:2076} INFO - Dependencies all met for dep_context=requeueable deps ti=<TaskInstance: ml_pipeline_dag.run_monitoring scheduled__2024-04-01T00:00:00+00:00 [queued]>
[2025-11-09T07:18:19.502+0000] {taskinstance.py:2306} INFO - Starting attempt 1 of 2
[2025-11-09T07:18:19.512+0000] {taskinstance.py:2330} INFO - Executing <Task(PythonOperator): run_monitoring> on 2024-04-01 00:00:00+00:00
[2025-11-09T07:18:19.530+0000] {standard_task_runner.py:63} INFO - Started process 2162 to run task
[2025-11-09T07:18:19.539+0000] {standard_task_runner.py:90} INFO - Running: ['airflow', 'tasks', 'run', 'ml_pipeline_dag', 'run_monitoring', 'scheduled__2024-04-01T00:00:00+00:00', '--job-id', '106', '--raw', '--subdir', 'DAGS_FOLDER/ml_pipeline_dag.py', '--cfg-path', '/tmp/tmpdqnbljuf']
[2025-11-09T07:18:19.542+0000] {standard_task_runner.py:91} INFO - Job 106: Subtask run_monitoring
[2025-11-09T07:18:19.583+0000] {task_command.py:426} INFO - Running <TaskInstance: ml_pipeline_dag.run_monitoring scheduled__2024-04-01T00:00:00+00:00 [running]> on host 43f902d7ce51
[2025-11-09T07:18:19.632+0000] {taskinstance.py:2648} INFO - Exporting env vars: AIRFLOW_CTX_DAG_OWNER='airflow' AIRFLOW_CTX_DAG_ID='ml_pipeline_dag' AIRFLOW_CTX_TASK_ID='run_monitoring' AIRFLOW_CTX_EXECUTION_DATE='2024-04-01T00:00:00+00:00' AIRFLOW_CTX_TRY_NUMBER='1' AIRFLOW_CTX_DAG_RUN_ID='scheduled__2024-04-01T00:00:00+00:00'
[2025-11-09T07:18:19.633+0000] {taskinstance.py:430} INFO - ::endgroup::
[2025-11-09T07:18:20.480+0000] {logging_mixin.py:188} INFO - >>> Running Monitoring...
[2025-11-09T07:18:20.480+0000] {logging_mixin.py:188} INFO - === Start monitoring ===
[2025-11-09T07:18:20.481+0000] {logging_mixin.py:188} INFO - === AUC check for 2024-12-01 ===
[2025-11-09T07:18:20.549+0000] {logging_mixin.py:188} INFO - AUC[2024-12-01] = 0.9132
[2025-11-09T07:18:20.549+0000] {logging_mixin.py:188} INFO - === PSI on pd_score: 2023-11-01 -> 2024-12-01 ===
[2025-11-09T07:18:20.557+0000] {logging_mixin.py:188} INFO - PSI(pd_score) 2023-11-01 -> 2024-12-01 = 7.8330
[2025-11-09T07:18:20.560+0000] {logging_mixin.py:188} INFO - 💾 Saved monitoring summary to /opt/airflow/datamart/gold/monitor_store/monitoring_summary.parquet
[2025-11-09T07:18:20.590+0000] {logging_mixin.py:188} INFO - 💾 Saved monitoring history to /opt/airflow/datamart/gold/monitor_store/monitoring_history.parquet
[2025-11-09T07:18:20.591+0000] {python.py:237} INFO - Done. Returned value was: None
[2025-11-09T07:18:20.591+0000] {taskinstance.py:441} INFO - ::group::Post task execution logs
[2025-11-09T07:18:20.607+0000] {taskinstance.py:1206} INFO - Marking task as SUCCESS. dag_id=ml_pipeline_dag, task_id=run_monitoring, run_id=scheduled__2024-04-01T00:00:00+00:00, execution_date=20240401T000000, start_date=20251109T071819, end_date=20251109T071820
[2025-11-09T07:18:20.688+0000] {local_task_job_runner.py:240} INFO - Task exited with return code 0
[2025-11-09T07:18:20.727+0000] {taskinstance.py:3503} INFO - 0 downstream tasks scheduled from follow-on schedule check
[2025-11-09T07:18:20.729+0000] {local_task_job_runner.py:222} INFO - ::endgroup::
