[2025-11-09T08:12:45.760+0000] {local_task_job_runner.py:120} INFO - ::group::Pre task execution logs
[2025-11-09T08:12:45.781+0000] {taskinstance.py:2076} INFO - Dependencies all met for dep_context=non-requeueable deps ti=<TaskInstance: ml_pipeline_dag.run_monitoring scheduled__2025-07-01T00:00:00+00:00 [queued]>
[2025-11-09T08:12:45.785+0000] {taskinstance.py:2076} INFO - Dependencies all met for dep_context=requeueable deps ti=<TaskInstance: ml_pipeline_dag.run_monitoring scheduled__2025-07-01T00:00:00+00:00 [queued]>
[2025-11-09T08:12:45.785+0000] {taskinstance.py:2306} INFO - Starting attempt 1 of 2
[2025-11-09T08:12:45.794+0000] {taskinstance.py:2330} INFO - Executing <Task(PythonOperator): run_monitoring> on 2025-07-01 00:00:00+00:00
[2025-11-09T08:12:45.805+0000] {standard_task_runner.py:63} INFO - Started process 9652 to run task
[2025-11-09T08:12:45.810+0000] {standard_task_runner.py:90} INFO - Running: ['airflow', 'tasks', 'run', 'ml_pipeline_dag', 'run_monitoring', 'scheduled__2025-07-01T00:00:00+00:00', '--job-id', '203', '--raw', '--subdir', 'DAGS_FOLDER/ml_pipeline_dag.py', '--cfg-path', '/tmp/tmplaa6ux3p']
[2025-11-09T08:12:45.812+0000] {standard_task_runner.py:91} INFO - Job 203: Subtask run_monitoring
[2025-11-09T08:12:45.876+0000] {task_command.py:426} INFO - Running <TaskInstance: ml_pipeline_dag.run_monitoring scheduled__2025-07-01T00:00:00+00:00 [running]> on host 43f902d7ce51
[2025-11-09T08:12:46.095+0000] {taskinstance.py:2648} INFO - Exporting env vars: AIRFLOW_CTX_DAG_OWNER='airflow' AIRFLOW_CTX_DAG_ID='ml_pipeline_dag' AIRFLOW_CTX_TASK_ID='run_monitoring' AIRFLOW_CTX_EXECUTION_DATE='2025-07-01T00:00:00+00:00' AIRFLOW_CTX_TRY_NUMBER='1' AIRFLOW_CTX_DAG_RUN_ID='scheduled__2025-07-01T00:00:00+00:00'
[2025-11-09T08:12:46.100+0000] {taskinstance.py:430} INFO - ::endgroup::
[2025-11-09T08:12:48.436+0000] {logging_mixin.py:188} INFO - >>> Running Monitoring...
[2025-11-09T08:12:48.438+0000] {logging_mixin.py:188} INFO - === Start monitoring ===
[2025-11-09T08:12:48.439+0000] {logging_mixin.py:188} INFO - === AUC check for 2024-12-01 ===
[2025-11-09T08:12:48.573+0000] {logging_mixin.py:188} INFO - AUC[2024-12-01] = 0.9132
[2025-11-09T08:12:48.574+0000] {logging_mixin.py:188} INFO - === PSI on pd_score: 2023-11-01 -> 2024-12-01 ===
[2025-11-09T08:12:48.584+0000] {logging_mixin.py:188} INFO - PSI(pd_score) 2023-11-01 -> 2024-12-01 = 7.8330
[2025-11-09T08:12:48.589+0000] {logging_mixin.py:188} INFO - 💾 Saved monitoring summary to /opt/airflow/datamart/gold/monitor_store/monitoring_summary.parquet
[2025-11-09T08:12:48.629+0000] {logging_mixin.py:188} INFO - 💾 Saved monitoring history to /opt/airflow/datamart/gold/monitor_store/monitoring_history.parquet
[2025-11-09T08:12:48.629+0000] {python.py:237} INFO - Done. Returned value was: None
[2025-11-09T08:12:48.630+0000] {taskinstance.py:441} INFO - ::group::Post task execution logs
[2025-11-09T08:12:48.641+0000] {taskinstance.py:1206} INFO - Marking task as SUCCESS. dag_id=ml_pipeline_dag, task_id=run_monitoring, run_id=scheduled__2025-07-01T00:00:00+00:00, execution_date=20250701T000000, start_date=20251109T081245, end_date=20251109T081248
[2025-11-09T08:12:48.701+0000] {local_task_job_runner.py:240} INFO - Task exited with return code 0
[2025-11-09T08:12:48.836+0000] {taskinstance.py:3503} INFO - 0 downstream tasks scheduled from follow-on schedule check
[2025-11-09T08:12:48.837+0000] {local_task_job_runner.py:222} INFO - ::endgroup::
