[2025-11-09T06:51:21.128+0000] {local_task_job_runner.py:120} INFO - ::group::Pre task execution logs
[2025-11-09T06:51:21.146+0000] {taskinstance.py:2076} INFO - Dependencies all met for dep_context=non-requeueable deps ti=<TaskInstance: ml_pipeline_dag.etl_bronze scheduled__2024-02-01T00:00:00+00:00 [queued]>
[2025-11-09T06:51:21.149+0000] {taskinstance.py:2076} INFO - Dependencies all met for dep_context=requeueable deps ti=<TaskInstance: ml_pipeline_dag.etl_bronze scheduled__2024-02-01T00:00:00+00:00 [queued]>
[2025-11-09T06:51:21.149+0000] {taskinstance.py:2306} INFO - Starting attempt 1 of 2
[2025-11-09T06:51:21.157+0000] {taskinstance.py:2330} INFO - Executing <Task(PythonOperator): etl_bronze> on 2024-02-01 00:00:00+00:00
[2025-11-09T06:51:21.166+0000] {standard_task_runner.py:63} INFO - Started process 2685 to run task
[2025-11-09T06:51:21.171+0000] {standard_task_runner.py:90} INFO - Running: ['airflow', 'tasks', 'run', 'ml_pipeline_dag', 'etl_bronze', 'scheduled__2024-02-01T00:00:00+00:00', '--job-id', '50', '--raw', '--subdir', 'DAGS_FOLDER/ml_pipeline_dag.py', '--cfg-path', '/tmp/tmp1nv93nye']
[2025-11-09T06:51:21.174+0000] {standard_task_runner.py:91} INFO - Job 50: Subtask etl_bronze
[2025-11-09T06:51:21.208+0000] {task_command.py:426} INFO - Running <TaskInstance: ml_pipeline_dag.etl_bronze scheduled__2024-02-01T00:00:00+00:00 [running]> on host 251466b916f8
[2025-11-09T06:51:21.287+0000] {taskinstance.py:2648} INFO - Exporting env vars: AIRFLOW_CTX_DAG_OWNER='airflow' AIRFLOW_CTX_DAG_ID='ml_pipeline_dag' AIRFLOW_CTX_TASK_ID='etl_bronze' AIRFLOW_CTX_EXECUTION_DATE='2024-02-01T00:00:00+00:00' AIRFLOW_CTX_TRY_NUMBER='1' AIRFLOW_CTX_DAG_RUN_ID='scheduled__2024-02-01T00:00:00+00:00'
[2025-11-09T06:51:21.288+0000] {taskinstance.py:430} INFO - ::endgroup::
[2025-11-09T06:51:22.603+0000] {logging_mixin.py:188} INFO - >>> Running Bronze Ingest...
[2025-11-09T06:51:22.604+0000] {logging_mixin.py:188} INFO - === BRONZE: ingest raw CSV -> parquet (lowercase cols) ===
[2025-11-09T06:51:22.957+0000] {logging_mixin.py:188} INFO - [BRONZE] lms -> datamart/bronze/lms.parquet rows=137500
[2025-11-09T06:51:23.080+0000] {logging_mixin.py:188} INFO - [BRONZE] financials -> datamart/bronze/financials.parquet rows=12500
[2025-11-09T06:51:23.114+0000] {logging_mixin.py:188} INFO - [BRONZE] attributes -> datamart/bronze/attributes.parquet rows=12500
[2025-11-09T06:51:23.706+0000] {logging_mixin.py:188} INFO - [BRONZE] clickstream -> datamart/bronze/clickstream.parquet rows=215376
[2025-11-09T06:51:23.708+0000] {logging_mixin.py:188} INFO - ✅ Bronze done
[2025-11-09T06:51:23.714+0000] {python.py:237} INFO - Done. Returned value was: None
[2025-11-09T06:51:23.714+0000] {taskinstance.py:441} INFO - ::group::Post task execution logs
[2025-11-09T06:51:23.757+0000] {taskinstance.py:1206} INFO - Marking task as SUCCESS. dag_id=ml_pipeline_dag, task_id=etl_bronze, run_id=scheduled__2024-02-01T00:00:00+00:00, execution_date=20240201T000000, start_date=20251109T065121, end_date=20251109T065123
[2025-11-09T06:51:23.833+0000] {local_task_job_runner.py:240} INFO - Task exited with return code 0
[2025-11-09T06:51:23.894+0000] {taskinstance.py:3503} INFO - 1 downstream tasks scheduled from follow-on schedule check
[2025-11-09T06:51:23.895+0000] {local_task_job_runner.py:222} INFO - ::endgroup::
