[2025-11-09T06:51:06.993+0000] {local_task_job_runner.py:120} INFO - ::group::Pre task execution logs
[2025-11-09T06:51:07.017+0000] {taskinstance.py:2076} INFO - Dependencies all met for dep_context=non-requeueable deps ti=<TaskInstance: ml_pipeline_dag.etl_gold scheduled__2023-11-01T00:00:00+00:00 [queued]>
[2025-11-09T06:51:07.020+0000] {taskinstance.py:2076} INFO - Dependencies all met for dep_context=requeueable deps ti=<TaskInstance: ml_pipeline_dag.etl_gold scheduled__2023-11-01T00:00:00+00:00 [queued]>
[2025-11-09T06:51:07.021+0000] {taskinstance.py:2306} INFO - Starting attempt 1 of 2
[2025-11-09T06:51:07.029+0000] {taskinstance.py:2330} INFO - Executing <Task(PythonOperator): etl_gold> on 2023-11-01 00:00:00+00:00
[2025-11-09T06:51:07.039+0000] {standard_task_runner.py:63} INFO - Started process 2567 to run task
[2025-11-09T06:51:07.043+0000] {standard_task_runner.py:90} INFO - Running: ['airflow', 'tasks', 'run', 'ml_pipeline_dag', 'etl_gold', 'scheduled__2023-11-01T00:00:00+00:00', '--job-id', '49', '--raw', '--subdir', 'DAGS_FOLDER/ml_pipeline_dag.py', '--cfg-path', '/tmp/tmpc5gihm4g']
[2025-11-09T06:51:07.045+0000] {standard_task_runner.py:91} INFO - Job 49: Subtask etl_gold
[2025-11-09T06:51:07.098+0000] {task_command.py:426} INFO - Running <TaskInstance: ml_pipeline_dag.etl_gold scheduled__2023-11-01T00:00:00+00:00 [running]> on host 251466b916f8
[2025-11-09T06:51:07.138+0000] {taskinstance.py:2648} INFO - Exporting env vars: AIRFLOW_CTX_DAG_OWNER='airflow' AIRFLOW_CTX_DAG_ID='ml_pipeline_dag' AIRFLOW_CTX_TASK_ID='etl_gold' AIRFLOW_CTX_EXECUTION_DATE='2023-11-01T00:00:00+00:00' AIRFLOW_CTX_TRY_NUMBER='1' AIRFLOW_CTX_DAG_RUN_ID='scheduled__2023-11-01T00:00:00+00:00'
[2025-11-09T06:51:07.138+0000] {taskinstance.py:430} INFO - ::endgroup::
[2025-11-09T06:51:07.527+0000] {logging_mixin.py:188} INFO - >>> Running Gold Backfill...
[2025-11-09T06:51:07.527+0000] {logging_mixin.py:188} INFO - === GOLD: features/labels monthly (partitioned by snapshot_date) ===
[2025-11-09T06:51:07.819+0000] {logging_mixin.py:188} INFO - [GOLD] 2023-01-01 -> features=530  labels=12500
[2025-11-09T06:51:08.005+0000] {logging_mixin.py:188} INFO - [GOLD] 2023-02-01 -> features=1031  labels=12500
[2025-11-09T06:51:08.166+0000] {logging_mixin.py:188} INFO - [GOLD] 2023-03-01 -> features=1537  labels=12500
[2025-11-09T06:51:08.381+0000] {logging_mixin.py:188} INFO - [GOLD] 2023-04-01 -> features=2047  labels=12500
[2025-11-09T06:51:08.572+0000] {logging_mixin.py:188} INFO - [GOLD] 2023-05-01 -> features=2568  labels=12500
[2025-11-09T06:51:08.774+0000] {logging_mixin.py:188} INFO - [GOLD] 2023-06-01 -> features=3085  labels=12500
[2025-11-09T06:51:08.986+0000] {logging_mixin.py:188} INFO - [GOLD] 2023-07-01 -> features=3556  labels=12500
[2025-11-09T06:51:09.247+0000] {logging_mixin.py:188} INFO - [GOLD] 2023-08-01 -> features=4037  labels=12500
[2025-11-09T06:51:09.514+0000] {logging_mixin.py:188} INFO - [GOLD] 2023-09-01 -> features=4491  labels=12500
[2025-11-09T06:51:09.778+0000] {logging_mixin.py:188} INFO - [GOLD] 2023-10-01 -> features=4978  labels=12500
[2025-11-09T06:51:10.092+0000] {logging_mixin.py:188} INFO - [GOLD] 2023-11-01 -> features=5469  labels=12500
[2025-11-09T06:51:10.427+0000] {logging_mixin.py:188} INFO - [GOLD] 2023-12-01 -> features=5958  labels=12500
[2025-11-09T06:51:10.737+0000] {logging_mixin.py:188} INFO - [GOLD] 2024-01-01 -> features=6443  labels=12500
[2025-11-09T06:51:11.083+0000] {logging_mixin.py:188} INFO - [GOLD] 2024-02-01 -> features=6961  labels=12500
[2025-11-09T06:51:11.732+0000] {logging_mixin.py:188} INFO - [GOLD] 2024-03-01 -> features=7472  labels=12500
[2025-11-09T06:51:12.171+0000] {logging_mixin.py:188} INFO - [GOLD] 2024-04-01 -> features=7985  labels=12500
[2025-11-09T06:51:12.632+0000] {logging_mixin.py:188} INFO - [GOLD] 2024-05-01 -> features=8476  labels=12500
[2025-11-09T06:51:13.101+0000] {logging_mixin.py:188} INFO - [GOLD] 2024-06-01 -> features=8974  labels=12500
[2025-11-09T06:51:13.679+0000] {logging_mixin.py:188} INFO - [GOLD] 2024-07-01 -> features=9479  labels=12500
[2025-11-09T06:51:14.235+0000] {logging_mixin.py:188} INFO - [GOLD] 2024-08-01 -> features=10022  labels=12500
[2025-11-09T06:51:15.029+0000] {logging_mixin.py:188} INFO - [GOLD] 2024-09-01 -> features=10515  labels=12500
[2025-11-09T06:51:15.709+0000] {logging_mixin.py:188} INFO - [GOLD] 2024-10-01 -> features=10971  labels=12500
[2025-11-09T06:51:16.494+0000] {logging_mixin.py:188} INFO - [GOLD] 2024-11-01 -> features=11459  labels=12500
[2025-11-09T06:51:17.464+0000] {logging_mixin.py:188} INFO - [GOLD] 2024-12-01 -> features=11974  labels=12500
[2025-11-09T06:51:17.465+0000] {logging_mixin.py:188} INFO - ✅ Gold done
[2025-11-09T06:51:17.490+0000] {python.py:237} INFO - Done. Returned value was: None
[2025-11-09T06:51:17.491+0000] {taskinstance.py:441} INFO - ::group::Post task execution logs
[2025-11-09T06:51:17.514+0000] {taskinstance.py:1206} INFO - Marking task as SUCCESS. dag_id=ml_pipeline_dag, task_id=etl_gold, run_id=scheduled__2023-11-01T00:00:00+00:00, execution_date=20231101T000000, start_date=20251109T065107, end_date=20251109T065117
[2025-11-09T06:51:17.586+0000] {local_task_job_runner.py:240} INFO - Task exited with return code 0
[2025-11-09T06:51:17.652+0000] {taskinstance.py:3503} INFO - 1 downstream tasks scheduled from follow-on schedule check
[2025-11-09T06:51:17.656+0000] {local_task_job_runner.py:222} INFO - ::endgroup::
