[2025-11-09T06:39:24.547+0000] {local_task_job_runner.py:120} INFO - ::group::Pre task execution logs
[2025-11-09T06:39:24.563+0000] {taskinstance.py:2076} INFO - Dependencies all met for dep_context=non-requeueable deps ti=<TaskInstance: ml_pipeline_dag.etl_gold manual__2025-11-09T06:39:07.608540+00:00 [queued]>
[2025-11-09T06:39:24.566+0000] {taskinstance.py:2076} INFO - Dependencies all met for dep_context=requeueable deps ti=<TaskInstance: ml_pipeline_dag.etl_gold manual__2025-11-09T06:39:07.608540+00:00 [queued]>
[2025-11-09T06:39:24.566+0000] {taskinstance.py:2306} INFO - Starting attempt 1 of 2
[2025-11-09T06:39:24.573+0000] {taskinstance.py:2330} INFO - Executing <Task(PythonOperator): etl_gold> on 2025-11-09 06:39:07.608540+00:00
[2025-11-09T06:39:24.577+0000] {standard_task_runner.py:63} INFO - Started process 808 to run task
[2025-11-09T06:39:24.585+0000] {standard_task_runner.py:90} INFO - Running: ['airflow', 'tasks', 'run', 'ml_pipeline_dag', 'etl_gold', 'manual__2025-11-09T06:39:07.608540+00:00', '--job-id', '26', '--raw', '--subdir', 'DAGS_FOLDER/ml_pipeline_dag.py', '--cfg-path', '/tmp/tmpu2k4wo2s']
[2025-11-09T06:39:24.588+0000] {standard_task_runner.py:91} INFO - Job 26: Subtask etl_gold
[2025-11-09T06:39:24.625+0000] {task_command.py:426} INFO - Running <TaskInstance: ml_pipeline_dag.etl_gold manual__2025-11-09T06:39:07.608540+00:00 [running]> on host 251466b916f8
[2025-11-09T06:39:24.674+0000] {taskinstance.py:2648} INFO - Exporting env vars: AIRFLOW_CTX_DAG_OWNER='airflow' AIRFLOW_CTX_DAG_ID='ml_pipeline_dag' AIRFLOW_CTX_TASK_ID='etl_gold' AIRFLOW_CTX_EXECUTION_DATE='2025-11-09T06:39:07.608540+00:00' AIRFLOW_CTX_TRY_NUMBER='1' AIRFLOW_CTX_DAG_RUN_ID='manual__2025-11-09T06:39:07.608540+00:00'
[2025-11-09T06:39:24.675+0000] {taskinstance.py:430} INFO - ::endgroup::
[2025-11-09T06:39:25.207+0000] {logging_mixin.py:188} INFO - >>> Running Gold Backfill...
[2025-11-09T06:39:25.207+0000] {logging_mixin.py:188} INFO - === GOLD: features/labels monthly (partitioned by snapshot_date) ===
[2025-11-09T06:39:25.662+0000] {logging_mixin.py:188} INFO - [GOLD] 2023-01-01 -> features=530  labels=12500
[2025-11-09T06:39:25.817+0000] {logging_mixin.py:188} INFO - [GOLD] 2023-02-01 -> features=1031  labels=12500
[2025-11-09T06:39:25.934+0000] {logging_mixin.py:188} INFO - [GOLD] 2023-03-01 -> features=1537  labels=12500
[2025-11-09T06:39:26.062+0000] {logging_mixin.py:188} INFO - [GOLD] 2023-04-01 -> features=2047  labels=12500
[2025-11-09T06:39:26.193+0000] {logging_mixin.py:188} INFO - [GOLD] 2023-05-01 -> features=2568  labels=12500
[2025-11-09T06:39:26.344+0000] {logging_mixin.py:188} INFO - [GOLD] 2023-06-01 -> features=3085  labels=12500
[2025-11-09T06:39:26.503+0000] {logging_mixin.py:188} INFO - [GOLD] 2023-07-01 -> features=3556  labels=12500
[2025-11-09T06:39:27.033+0000] {logging_mixin.py:188} INFO - [GOLD] 2023-08-01 -> features=4037  labels=12500
[2025-11-09T06:39:27.337+0000] {logging_mixin.py:188} INFO - [GOLD] 2023-09-01 -> features=4491  labels=12500
[2025-11-09T06:39:27.583+0000] {logging_mixin.py:188} INFO - [GOLD] 2023-10-01 -> features=4978  labels=12500
[2025-11-09T06:39:27.893+0000] {logging_mixin.py:188} INFO - [GOLD] 2023-11-01 -> features=5469  labels=12500
[2025-11-09T06:39:28.167+0000] {logging_mixin.py:188} INFO - [GOLD] 2023-12-01 -> features=5958  labels=12500
[2025-11-09T06:39:28.619+0000] {logging_mixin.py:188} INFO - [GOLD] 2024-01-01 -> features=6443  labels=12500
[2025-11-09T06:39:29.077+0000] {logging_mixin.py:188} INFO - [GOLD] 2024-02-01 -> features=6961  labels=12500
[2025-11-09T06:39:29.394+0000] {logging_mixin.py:188} INFO - [GOLD] 2024-03-01 -> features=7472  labels=12500
[2025-11-09T06:39:30.005+0000] {logging_mixin.py:188} INFO - [GOLD] 2024-04-01 -> features=7985  labels=12500
[2025-11-09T06:39:30.719+0000] {logging_mixin.py:188} INFO - [GOLD] 2024-05-01 -> features=8476  labels=12500
[2025-11-09T06:39:31.227+0000] {logging_mixin.py:188} INFO - [GOLD] 2024-06-01 -> features=8974  labels=12500
[2025-11-09T06:39:31.948+0000] {logging_mixin.py:188} INFO - [GOLD] 2024-07-01 -> features=9479  labels=12500
[2025-11-09T06:39:32.517+0000] {logging_mixin.py:188} INFO - [GOLD] 2024-08-01 -> features=10022  labels=12500
[2025-11-09T06:39:33.072+0000] {logging_mixin.py:188} INFO - [GOLD] 2024-09-01 -> features=10515  labels=12500
[2025-11-09T06:39:33.631+0000] {logging_mixin.py:188} INFO - [GOLD] 2024-10-01 -> features=10971  labels=12500
[2025-11-09T06:39:34.274+0000] {logging_mixin.py:188} INFO - [GOLD] 2024-11-01 -> features=11459  labels=12500
[2025-11-09T06:39:35.344+0000] {logging_mixin.py:188} INFO - [GOLD] 2024-12-01 -> features=11974  labels=12500
[2025-11-09T06:39:35.346+0000] {logging_mixin.py:188} INFO - ✅ Gold done
[2025-11-09T06:39:35.359+0000] {python.py:237} INFO - Done. Returned value was: None
[2025-11-09T06:39:35.359+0000] {taskinstance.py:441} INFO - ::group::Post task execution logs
[2025-11-09T06:39:35.386+0000] {taskinstance.py:1206} INFO - Marking task as SUCCESS. dag_id=ml_pipeline_dag, task_id=etl_gold, run_id=manual__2025-11-09T06:39:07.608540+00:00, execution_date=20251109T063907, start_date=20251109T063924, end_date=20251109T063935
[2025-11-09T06:39:35.429+0000] {local_task_job_runner.py:240} INFO - Task exited with return code 0
[2025-11-09T06:39:35.557+0000] {taskinstance.py:3503} INFO - 1 downstream tasks scheduled from follow-on schedule check
[2025-11-09T06:39:35.562+0000] {local_task_job_runner.py:222} INFO - ::endgroup::
