[2025-11-09T07:18:14.853+0000] {local_task_job_runner.py:120} INFO - ::group::Pre task execution logs
[2025-11-09T07:18:14.886+0000] {taskinstance.py:2076} INFO - Dependencies all met for dep_context=non-requeueable deps ti=<TaskInstance: ml_pipeline_dag.run_monitoring scheduled__2024-02-01T00:00:00+00:00 [queued]>
[2025-11-09T07:18:14.892+0000] {taskinstance.py:2076} INFO - Dependencies all met for dep_context=requeueable deps ti=<TaskInstance: ml_pipeline_dag.run_monitoring scheduled__2024-02-01T00:00:00+00:00 [queued]>
[2025-11-09T07:18:14.892+0000] {taskinstance.py:2306} INFO - Starting attempt 1 of 2
[2025-11-09T07:18:14.902+0000] {taskinstance.py:2330} INFO - Executing <Task(PythonOperator): run_monitoring> on 2024-02-01 00:00:00+00:00
[2025-11-09T07:18:14.913+0000] {standard_task_runner.py:63} INFO - Started process 2137 to run task
[2025-11-09T07:18:14.926+0000] {standard_task_runner.py:90} INFO - Running: ['airflow', 'tasks', 'run', 'ml_pipeline_dag', 'run_monitoring', 'scheduled__2024-02-01T00:00:00+00:00', '--job-id', '105', '--raw', '--subdir', 'DAGS_FOLDER/ml_pipeline_dag.py', '--cfg-path', '/tmp/tmpxcycu1zn']
[2025-11-09T07:18:14.936+0000] {standard_task_runner.py:91} INFO - Job 105: Subtask run_monitoring
[2025-11-09T07:18:14.988+0000] {task_command.py:426} INFO - Running <TaskInstance: ml_pipeline_dag.run_monitoring scheduled__2024-02-01T00:00:00+00:00 [running]> on host 43f902d7ce51
[2025-11-09T07:18:15.118+0000] {taskinstance.py:2648} INFO - Exporting env vars: AIRFLOW_CTX_DAG_OWNER='airflow' AIRFLOW_CTX_DAG_ID='ml_pipeline_dag' AIRFLOW_CTX_TASK_ID='run_monitoring' AIRFLOW_CTX_EXECUTION_DATE='2024-02-01T00:00:00+00:00' AIRFLOW_CTX_TRY_NUMBER='1' AIRFLOW_CTX_DAG_RUN_ID='scheduled__2024-02-01T00:00:00+00:00'
[2025-11-09T07:18:15.120+0000] {taskinstance.py:430} INFO - ::endgroup::
[2025-11-09T07:18:16.186+0000] {logging_mixin.py:188} INFO - >>> Running Monitoring...
[2025-11-09T07:18:16.187+0000] {logging_mixin.py:188} INFO - === Start monitoring ===
[2025-11-09T07:18:16.187+0000] {logging_mixin.py:188} INFO - === AUC check for 2024-12-01 ===
[2025-11-09T07:18:16.253+0000] {logging_mixin.py:188} INFO - AUC[2024-12-01] = 0.9132
[2025-11-09T07:18:16.254+0000] {logging_mixin.py:188} INFO - === PSI on pd_score: 2023-11-01 -> 2024-12-01 ===
[2025-11-09T07:18:16.263+0000] {logging_mixin.py:188} INFO - PSI(pd_score) 2023-11-01 -> 2024-12-01 = 7.8330
[2025-11-09T07:18:16.266+0000] {logging_mixin.py:188} INFO - 💾 Saved monitoring summary to /opt/airflow/datamart/gold/monitor_store/monitoring_summary.parquet
[2025-11-09T07:18:16.295+0000] {logging_mixin.py:188} INFO - 💾 Saved monitoring history to /opt/airflow/datamart/gold/monitor_store/monitoring_history.parquet
[2025-11-09T07:18:16.296+0000] {python.py:237} INFO - Done. Returned value was: None
[2025-11-09T07:18:16.296+0000] {taskinstance.py:441} INFO - ::group::Post task execution logs
[2025-11-09T07:18:16.303+0000] {taskinstance.py:1206} INFO - Marking task as SUCCESS. dag_id=ml_pipeline_dag, task_id=run_monitoring, run_id=scheduled__2024-02-01T00:00:00+00:00, execution_date=20240201T000000, start_date=20251109T071814, end_date=20251109T071816
[2025-11-09T07:18:16.344+0000] {local_task_job_runner.py:240} INFO - Task exited with return code 0
[2025-11-09T07:18:16.383+0000] {taskinstance.py:3503} INFO - 0 downstream tasks scheduled from follow-on schedule check
[2025-11-09T07:18:16.384+0000] {local_task_job_runner.py:222} INFO - ::endgroup::
