[2025-11-07T14:50:56.492+0000] {local_task_job_runner.py:120} INFO - ::group::Pre task execution logs
[2025-11-07T14:50:56.509+0000] {taskinstance.py:2076} INFO - Dependencies all met for dep_context=non-requeueable deps ti=<TaskInstance: ml_pipeline_dag.etl_gold manual__2025-11-07T14:50:39.547312+00:00 [queued]>
[2025-11-07T14:50:56.513+0000] {taskinstance.py:2076} INFO - Dependencies all met for dep_context=requeueable deps ti=<TaskInstance: ml_pipeline_dag.etl_gold manual__2025-11-07T14:50:39.547312+00:00 [queued]>
[2025-11-07T14:50:56.513+0000] {taskinstance.py:2306} INFO - Starting attempt 1 of 2
[2025-11-07T14:50:56.520+0000] {taskinstance.py:2330} INFO - Executing <Task(PythonOperator): etl_gold> on 2025-11-07 14:50:39.547312+00:00
[2025-11-07T14:50:56.526+0000] {standard_task_runner.py:63} INFO - Started process 288 to run task
[2025-11-07T14:50:56.530+0000] {standard_task_runner.py:90} INFO - Running: ['airflow', 'tasks', 'run', 'ml_pipeline_dag', 'etl_gold', 'manual__2025-11-07T14:50:39.547312+00:00', '--job-id', '11', '--raw', '--subdir', 'DAGS_FOLDER/ml_pipeline_dag.py', '--cfg-path', '/tmp/tmp2urzbs_a']
[2025-11-07T14:50:56.532+0000] {standard_task_runner.py:91} INFO - Job 11: Subtask etl_gold
[2025-11-07T14:50:56.562+0000] {task_command.py:426} INFO - Running <TaskInstance: ml_pipeline_dag.etl_gold manual__2025-11-07T14:50:39.547312+00:00 [running]> on host 60a7f15c2c5d
[2025-11-07T14:50:56.604+0000] {taskinstance.py:2648} INFO - Exporting env vars: AIRFLOW_CTX_DAG_OWNER='airflow' AIRFLOW_CTX_DAG_ID='ml_pipeline_dag' AIRFLOW_CTX_TASK_ID='etl_gold' AIRFLOW_CTX_EXECUTION_DATE='2025-11-07T14:50:39.547312+00:00' AIRFLOW_CTX_TRY_NUMBER='1' AIRFLOW_CTX_DAG_RUN_ID='manual__2025-11-07T14:50:39.547312+00:00'
[2025-11-07T14:50:56.605+0000] {taskinstance.py:430} INFO - ::endgroup::
[2025-11-07T14:50:57.253+0000] {logging_mixin.py:188} INFO - >>> Running Gold Backfill...
[2025-11-07T14:50:57.253+0000] {logging_mixin.py:188} INFO - === GOLD: features/labels monthly (partitioned by snapshot_date) ===
[2025-11-07T14:50:57.636+0000] {logging_mixin.py:188} INFO - [GOLD] 2023-01-01 -> features=530  labels=12500
[2025-11-07T14:50:57.816+0000] {logging_mixin.py:188} INFO - [GOLD] 2023-02-01 -> features=1031  labels=12500
[2025-11-07T14:50:57.925+0000] {logging_mixin.py:188} INFO - [GOLD] 2023-03-01 -> features=1537  labels=12500
[2025-11-07T14:50:58.100+0000] {logging_mixin.py:188} INFO - [GOLD] 2023-04-01 -> features=2047  labels=12500
[2025-11-07T14:50:58.240+0000] {logging_mixin.py:188} INFO - [GOLD] 2023-05-01 -> features=2568  labels=12500
[2025-11-07T14:50:58.386+0000] {logging_mixin.py:188} INFO - [GOLD] 2023-06-01 -> features=3085  labels=12500
[2025-11-07T14:50:58.596+0000] {logging_mixin.py:188} INFO - [GOLD] 2023-07-01 -> features=3556  labels=12500
[2025-11-07T14:50:58.797+0000] {logging_mixin.py:188} INFO - [GOLD] 2023-08-01 -> features=4037  labels=12500
[2025-11-07T14:50:59.019+0000] {logging_mixin.py:188} INFO - [GOLD] 2023-09-01 -> features=4491  labels=12500
[2025-11-07T14:50:59.280+0000] {logging_mixin.py:188} INFO - [GOLD] 2023-10-01 -> features=4978  labels=12500
[2025-11-07T14:50:59.595+0000] {logging_mixin.py:188} INFO - [GOLD] 2023-11-01 -> features=5469  labels=12500
[2025-11-07T14:51:00.020+0000] {logging_mixin.py:188} INFO - [GOLD] 2023-12-01 -> features=5958  labels=12500
[2025-11-07T14:51:00.391+0000] {logging_mixin.py:188} INFO - [GOLD] 2024-01-01 -> features=6443  labels=12500
[2025-11-07T14:51:00.749+0000] {logging_mixin.py:188} INFO - [GOLD] 2024-02-01 -> features=6961  labels=12500
[2025-11-07T14:51:01.085+0000] {logging_mixin.py:188} INFO - [GOLD] 2024-03-01 -> features=7472  labels=12500
[2025-11-07T14:51:01.518+0000] {logging_mixin.py:188} INFO - [GOLD] 2024-04-01 -> features=7985  labels=12500
[2025-11-07T14:51:02.021+0000] {logging_mixin.py:188} INFO - [GOLD] 2024-05-01 -> features=8476  labels=12500
[2025-11-07T14:51:02.465+0000] {logging_mixin.py:188} INFO - [GOLD] 2024-06-01 -> features=8974  labels=12500
[2025-11-07T14:51:03.142+0000] {logging_mixin.py:188} INFO - [GOLD] 2024-07-01 -> features=9479  labels=12500
[2025-11-07T14:51:03.613+0000] {logging_mixin.py:188} INFO - [GOLD] 2024-08-01 -> features=10022  labels=12500
[2025-11-07T14:51:04.117+0000] {logging_mixin.py:188} INFO - [GOLD] 2024-09-01 -> features=10515  labels=12500
[2025-11-07T14:51:04.557+0000] {logging_mixin.py:188} INFO - [GOLD] 2024-10-01 -> features=10971  labels=12500
[2025-11-07T14:51:05.523+0000] {logging_mixin.py:188} INFO - [GOLD] 2024-11-01 -> features=11459  labels=12500
[2025-11-07T14:51:06.784+0000] {logging_mixin.py:188} INFO - [GOLD] 2024-12-01 -> features=11974  labels=12500
[2025-11-07T14:51:06.785+0000] {logging_mixin.py:188} INFO - ✅ Gold done
[2025-11-07T14:51:06.802+0000] {python.py:237} INFO - Done. Returned value was: None
[2025-11-07T14:51:06.804+0000] {taskinstance.py:441} INFO - ::group::Post task execution logs
[2025-11-07T14:51:06.830+0000] {taskinstance.py:1206} INFO - Marking task as SUCCESS. dag_id=ml_pipeline_dag, task_id=etl_gold, run_id=manual__2025-11-07T14:50:39.547312+00:00, execution_date=20251107T145039, start_date=20251107T145056, end_date=20251107T145106
[2025-11-07T14:51:06.916+0000] {local_task_job_runner.py:240} INFO - Task exited with return code 0
[2025-11-07T14:51:06.945+0000] {taskinstance.py:3503} INFO - 1 downstream tasks scheduled from follow-on schedule check
[2025-11-07T14:51:06.946+0000] {local_task_job_runner.py:222} INFO - ::endgroup::
