[2025-11-09T06:41:27.061+0000] {local_task_job_runner.py:120} INFO - ::group::Pre task execution logs
[2025-11-09T06:41:27.079+0000] {taskinstance.py:2076} INFO - Dependencies all met for dep_context=non-requeueable deps ti=<TaskInstance: ml_pipeline_dag.etl_gold manual__2025-11-09T06:41:13.231876+00:00 [queued]>
[2025-11-09T06:41:27.082+0000] {taskinstance.py:2076} INFO - Dependencies all met for dep_context=requeueable deps ti=<TaskInstance: ml_pipeline_dag.etl_gold manual__2025-11-09T06:41:13.231876+00:00 [queued]>
[2025-11-09T06:41:27.082+0000] {taskinstance.py:2306} INFO - Starting attempt 1 of 2
[2025-11-09T06:41:27.088+0000] {taskinstance.py:2330} INFO - Executing <Task(PythonOperator): etl_gold> on 2025-11-09 06:41:13.231876+00:00
[2025-11-09T06:41:27.092+0000] {standard_task_runner.py:63} INFO - Started process 1296 to run task
[2025-11-09T06:41:27.097+0000] {standard_task_runner.py:90} INFO - Running: ['airflow', 'tasks', 'run', 'ml_pipeline_dag', 'etl_gold', 'manual__2025-11-09T06:41:13.231876+00:00', '--job-id', '32', '--raw', '--subdir', 'DAGS_FOLDER/ml_pipeline_dag.py', '--cfg-path', '/tmp/tmpbld2nla9']
[2025-11-09T06:41:27.098+0000] {standard_task_runner.py:91} INFO - Job 32: Subtask etl_gold
[2025-11-09T06:41:27.132+0000] {task_command.py:426} INFO - Running <TaskInstance: ml_pipeline_dag.etl_gold manual__2025-11-09T06:41:13.231876+00:00 [running]> on host 251466b916f8
[2025-11-09T06:41:27.184+0000] {taskinstance.py:2648} INFO - Exporting env vars: AIRFLOW_CTX_DAG_OWNER='airflow' AIRFLOW_CTX_DAG_ID='ml_pipeline_dag' AIRFLOW_CTX_TASK_ID='etl_gold' AIRFLOW_CTX_EXECUTION_DATE='2025-11-09T06:41:13.231876+00:00' AIRFLOW_CTX_TRY_NUMBER='1' AIRFLOW_CTX_DAG_RUN_ID='manual__2025-11-09T06:41:13.231876+00:00'
[2025-11-09T06:41:27.185+0000] {taskinstance.py:430} INFO - ::endgroup::
[2025-11-09T06:41:27.540+0000] {logging_mixin.py:188} INFO - >>> Running Gold Backfill...
[2025-11-09T06:41:27.540+0000] {logging_mixin.py:188} INFO - === GOLD: features/labels monthly (partitioned by snapshot_date) ===
[2025-11-09T06:41:27.779+0000] {logging_mixin.py:188} INFO - [GOLD] 2023-01-01 -> features=530  labels=12500
[2025-11-09T06:41:27.887+0000] {logging_mixin.py:188} INFO - [GOLD] 2023-02-01 -> features=1031  labels=12500
[2025-11-09T06:41:27.994+0000] {logging_mixin.py:188} INFO - [GOLD] 2023-03-01 -> features=1537  labels=12500
[2025-11-09T06:41:28.136+0000] {logging_mixin.py:188} INFO - [GOLD] 2023-04-01 -> features=2047  labels=12500
[2025-11-09T06:41:28.366+0000] {logging_mixin.py:188} INFO - [GOLD] 2023-05-01 -> features=2568  labels=12500
[2025-11-09T06:41:28.605+0000] {logging_mixin.py:188} INFO - [GOLD] 2023-06-01 -> features=3085  labels=12500
[2025-11-09T06:41:28.793+0000] {logging_mixin.py:188} INFO - [GOLD] 2023-07-01 -> features=3556  labels=12500
[2025-11-09T06:41:28.980+0000] {logging_mixin.py:188} INFO - [GOLD] 2023-08-01 -> features=4037  labels=12500
[2025-11-09T06:41:29.229+0000] {logging_mixin.py:188} INFO - [GOLD] 2023-09-01 -> features=4491  labels=12500
[2025-11-09T06:41:29.523+0000] {logging_mixin.py:188} INFO - [GOLD] 2023-10-01 -> features=4978  labels=12500
[2025-11-09T06:41:29.771+0000] {logging_mixin.py:188} INFO - [GOLD] 2023-11-01 -> features=5469  labels=12500
[2025-11-09T06:41:30.012+0000] {logging_mixin.py:188} INFO - [GOLD] 2023-12-01 -> features=5958  labels=12500
[2025-11-09T06:41:30.360+0000] {logging_mixin.py:188} INFO - [GOLD] 2024-01-01 -> features=6443  labels=12500
[2025-11-09T06:41:30.682+0000] {logging_mixin.py:188} INFO - [GOLD] 2024-02-01 -> features=6961  labels=12500
[2025-11-09T06:41:30.993+0000] {logging_mixin.py:188} INFO - [GOLD] 2024-03-01 -> features=7472  labels=12500
[2025-11-09T06:41:31.387+0000] {logging_mixin.py:188} INFO - [GOLD] 2024-04-01 -> features=7985  labels=12500
[2025-11-09T06:41:31.834+0000] {logging_mixin.py:188} INFO - [GOLD] 2024-05-01 -> features=8476  labels=12500
[2025-11-09T06:41:32.488+0000] {logging_mixin.py:188} INFO - [GOLD] 2024-06-01 -> features=8974  labels=12500
[2025-11-09T06:41:33.125+0000] {logging_mixin.py:188} INFO - [GOLD] 2024-07-01 -> features=9479  labels=12500
[2025-11-09T06:41:33.788+0000] {logging_mixin.py:188} INFO - [GOLD] 2024-08-01 -> features=10022  labels=12500
[2025-11-09T06:41:34.290+0000] {logging_mixin.py:188} INFO - [GOLD] 2024-09-01 -> features=10515  labels=12500
[2025-11-09T06:41:35.161+0000] {logging_mixin.py:188} INFO - [GOLD] 2024-10-01 -> features=10971  labels=12500
[2025-11-09T06:41:35.837+0000] {logging_mixin.py:188} INFO - [GOLD] 2024-11-01 -> features=11459  labels=12500
[2025-11-09T06:41:36.569+0000] {logging_mixin.py:188} INFO - [GOLD] 2024-12-01 -> features=11974  labels=12500
[2025-11-09T06:41:36.574+0000] {logging_mixin.py:188} INFO - ✅ Gold done
[2025-11-09T06:41:36.593+0000] {python.py:237} INFO - Done. Returned value was: None
[2025-11-09T06:41:36.597+0000] {taskinstance.py:441} INFO - ::group::Post task execution logs
[2025-11-09T06:41:36.632+0000] {taskinstance.py:1206} INFO - Marking task as SUCCESS. dag_id=ml_pipeline_dag, task_id=etl_gold, run_id=manual__2025-11-09T06:41:13.231876+00:00, execution_date=20251109T064113, start_date=20251109T064127, end_date=20251109T064136
[2025-11-09T06:41:36.702+0000] {local_task_job_runner.py:240} INFO - Task exited with return code 0
[2025-11-09T06:41:36.768+0000] {taskinstance.py:3503} INFO - 1 downstream tasks scheduled from follow-on schedule check
[2025-11-09T06:41:36.770+0000] {local_task_job_runner.py:222} INFO - ::endgroup::
