[2025-11-09T06:42:42.151+0000] {local_task_job_runner.py:120} INFO - ::group::Pre task execution logs
[2025-11-09T06:42:42.170+0000] {taskinstance.py:2076} INFO - Dependencies all met for dep_context=non-requeueable deps ti=<TaskInstance: ml_pipeline_dag.run_monitoring manual__2025-11-09T06:41:13.231876+00:00 [queued]>
[2025-11-09T06:42:42.173+0000] {taskinstance.py:2076} INFO - Dependencies all met for dep_context=requeueable deps ti=<TaskInstance: ml_pipeline_dag.run_monitoring manual__2025-11-09T06:41:13.231876+00:00 [queued]>
[2025-11-09T06:42:42.174+0000] {taskinstance.py:2306} INFO - Starting attempt 1 of 2
[2025-11-09T06:42:42.180+0000] {taskinstance.py:2330} INFO - Executing <Task(PythonOperator): run_monitoring> on 2025-11-09 06:41:13.231876+00:00
[2025-11-09T06:42:42.203+0000] {standard_task_runner.py:63} INFO - Started process 1563 to run task
[2025-11-09T06:42:42.211+0000] {standard_task_runner.py:90} INFO - Running: ['airflow', 'tasks', 'run', 'ml_pipeline_dag', 'run_monitoring', 'manual__2025-11-09T06:41:13.231876+00:00', '--job-id', '36', '--raw', '--subdir', 'DAGS_FOLDER/ml_pipeline_dag.py', '--cfg-path', '/tmp/tmpne6ssggd']
[2025-11-09T06:42:42.215+0000] {standard_task_runner.py:91} INFO - Job 36: Subtask run_monitoring
[2025-11-09T06:42:42.281+0000] {task_command.py:426} INFO - Running <TaskInstance: ml_pipeline_dag.run_monitoring manual__2025-11-09T06:41:13.231876+00:00 [running]> on host 251466b916f8
[2025-11-09T06:42:42.377+0000] {taskinstance.py:2648} INFO - Exporting env vars: AIRFLOW_CTX_DAG_OWNER='airflow' AIRFLOW_CTX_DAG_ID='ml_pipeline_dag' AIRFLOW_CTX_TASK_ID='run_monitoring' AIRFLOW_CTX_EXECUTION_DATE='2025-11-09T06:41:13.231876+00:00' AIRFLOW_CTX_TRY_NUMBER='1' AIRFLOW_CTX_DAG_RUN_ID='manual__2025-11-09T06:41:13.231876+00:00'
[2025-11-09T06:42:42.377+0000] {taskinstance.py:430} INFO - ::endgroup::
[2025-11-09T06:42:44.619+0000] {logging_mixin.py:188} INFO - >>> Running Monitoring...
[2025-11-09T06:42:44.621+0000] {logging_mixin.py:188} INFO - === Start monitoring ===
[2025-11-09T06:42:44.622+0000] {logging_mixin.py:188} INFO - === AUC check for 2024-12-01 ===
[2025-11-09T06:42:44.982+0000] {logging_mixin.py:188} INFO - AUC[2024-12-01] = 0.9132
[2025-11-09T06:42:44.984+0000] {logging_mixin.py:188} INFO - === PSI on pd_score: 2023-11-01 -> 2024-12-01 ===
[2025-11-09T06:42:45.063+0000] {logging_mixin.py:188} INFO - PSI(pd_score) 2023-11-01 -> 2024-12-01 = 7.8330
[2025-11-09T06:42:45.090+0000] {logging_mixin.py:188} INFO - 💾 Saved monitoring summary to /opt/airflow/datamart/gold/monitor_store/monitoring_summary.parquet
[2025-11-09T06:42:45.232+0000] {logging_mixin.py:188} INFO - 💾 Saved monitoring history to /opt/airflow/datamart/gold/monitor_store/monitoring_history.parquet
[2025-11-09T06:42:45.234+0000] {python.py:237} INFO - Done. Returned value was: None
[2025-11-09T06:42:45.234+0000] {taskinstance.py:441} INFO - ::group::Post task execution logs
[2025-11-09T06:42:45.258+0000] {taskinstance.py:1206} INFO - Marking task as SUCCESS. dag_id=ml_pipeline_dag, task_id=run_monitoring, run_id=manual__2025-11-09T06:41:13.231876+00:00, execution_date=20251109T064113, start_date=20251109T064242, end_date=20251109T064245
[2025-11-09T06:42:45.385+0000] {local_task_job_runner.py:240} INFO - Task exited with return code 0
[2025-11-09T06:42:45.627+0000] {taskinstance.py:3503} INFO - 0 downstream tasks scheduled from follow-on schedule check
[2025-11-09T06:42:45.634+0000] {local_task_job_runner.py:222} INFO - ::endgroup::
