[2025-11-09T07:47:10.322+0000] {local_task_job_runner.py:120} INFO - ::group::Pre task execution logs
[2025-11-09T07:47:10.345+0000] {taskinstance.py:2076} INFO - Dependencies all met for dep_context=non-requeueable deps ti=<TaskInstance: ml_pipeline_dag.train_model scheduled__2025-10-01T00:00:00+00:00 [queued]>
[2025-11-09T07:47:10.348+0000] {taskinstance.py:2076} INFO - Dependencies all met for dep_context=requeueable deps ti=<TaskInstance: ml_pipeline_dag.train_model scheduled__2025-10-01T00:00:00+00:00 [queued]>
[2025-11-09T07:47:10.348+0000] {taskinstance.py:2306} INFO - Starting attempt 1 of 2
[2025-11-09T07:47:10.356+0000] {taskinstance.py:2330} INFO - Executing <Task(PythonOperator): train_model> on 2025-10-01 00:00:00+00:00
[2025-11-09T07:47:10.363+0000] {standard_task_runner.py:63} INFO - Started process 8635 to run task
[2025-11-09T07:47:10.370+0000] {standard_task_runner.py:90} INFO - Running: ['airflow', 'tasks', 'run', 'ml_pipeline_dag', 'train_model', 'scheduled__2025-10-01T00:00:00+00:00', '--job-id', '187', '--raw', '--subdir', 'DAGS_FOLDER/ml_pipeline_dag.py', '--cfg-path', '/tmp/tmp9iina8t0']
[2025-11-09T07:47:10.371+0000] {standard_task_runner.py:91} INFO - Job 187: Subtask train_model
[2025-11-09T07:47:10.414+0000] {task_command.py:426} INFO - Running <TaskInstance: ml_pipeline_dag.train_model scheduled__2025-10-01T00:00:00+00:00 [running]> on host 43f902d7ce51
[2025-11-09T07:47:10.464+0000] {taskinstance.py:2648} INFO - Exporting env vars: AIRFLOW_CTX_DAG_OWNER='airflow' AIRFLOW_CTX_DAG_ID='ml_pipeline_dag' AIRFLOW_CTX_TASK_ID='train_model' AIRFLOW_CTX_EXECUTION_DATE='2025-10-01T00:00:00+00:00' AIRFLOW_CTX_TRY_NUMBER='1' AIRFLOW_CTX_DAG_RUN_ID='scheduled__2025-10-01T00:00:00+00:00'
[2025-11-09T07:47:10.465+0000] {taskinstance.py:430} INFO - ::endgroup::
[2025-11-09T07:47:12.488+0000] {logging_mixin.py:188} INFO - >>> Running Model Training...
[2025-11-09T07:47:12.490+0000] {logging_mixin.py:188} INFO - === Load GOLD data ===
[2025-11-09T07:47:31.188+0000] {logging_mixin.py:188} INFO - (150018, 77)
[2025-11-09T07:47:31.356+0000] {logging_mixin.py:188} INFO - === Temporal split ===
[2025-11-09T07:47:35.617+0000] {logging_mixin.py:188} INFO - Train snapshots: [Timestamp('2023-01-01 00:00:00'), Timestamp('2023-02-01 00:00:00'), Timestamp('2023-03-01 00:00:00'), Timestamp('2023-04-01 00:00:00'), Timestamp('2023-05-01 00:00:00'), Timestamp('2023-06-01 00:00:00'), Timestamp('2023-07-01 00:00:00'), Timestamp('2023-08-01 00:00:00'), Timestamp('2023-09-01 00:00:00'), Timestamp('2023-10-01 00:00:00'), Timestamp('2023-11-01 00:00:00'), Timestamp('2023-12-01 00:00:00'), Timestamp('2024-01-01 00:00:00'), Timestamp('2024-02-01 00:00:00'), Timestamp('2024-03-01 00:00:00'), Timestamp('2024-04-01 00:00:00'), Timestamp('2024-05-01 00:00:00'), Timestamp('2024-06-01 00:00:00'), Timestamp('2024-07-01 00:00:00'), Timestamp('2024-08-01 00:00:00'), Timestamp('2024-09-01 00:00:00'), Timestamp('2024-10-01 00:00:00'), Timestamp('2024-11-01 00:00:00')]
[2025-11-09T07:47:35.629+0000] {logging_mixin.py:188} INFO - Val snapshot: [Timestamp('2024-12-01 00:00:00')]
[2025-11-09T07:47:35.629+0000] {logging_mixin.py:188} INFO - === Prepare X, y ===
[2025-11-09T07:47:36.257+0000] {logging_mixin.py:188} INFO - Calculating median values from training data...
[2025-11-09T07:47:36.637+0000] {logging_mixin.py:188} INFO - X_train: (138044, 50) positives: 39619
[2025-11-09T07:47:36.638+0000] {logging_mixin.py:188} INFO - X_val  : (11974, 50) positives: 3461
[2025-11-09T07:47:36.641+0000] {logging_mixin.py:188} INFO - === Train models ===
[2025-11-09T07:48:04.253+0000] {local_task_job_runner.py:240} INFO - Task exited with return code -9
[2025-11-09T07:48:05.363+0000] {taskinstance.py:3503} INFO - 0 downstream tasks scheduled from follow-on schedule check
[2025-11-09T07:48:05.478+0000] {local_task_job_runner.py:222} INFO - ::endgroup::
