[2025-11-09T07:18:28.313+0000] {local_task_job_runner.py:120} INFO - ::group::Pre task execution logs
[2025-11-09T07:18:28.338+0000] {taskinstance.py:2076} INFO - Dependencies all met for dep_context=non-requeueable deps ti=<TaskInstance: ml_pipeline_dag.etl_bronze scheduled__2024-11-01T00:00:00+00:00 [queued]>
[2025-11-09T07:18:28.343+0000] {taskinstance.py:2076} INFO - Dependencies all met for dep_context=requeueable deps ti=<TaskInstance: ml_pipeline_dag.etl_bronze scheduled__2024-11-01T00:00:00+00:00 [queued]>
[2025-11-09T07:18:28.343+0000] {taskinstance.py:2306} INFO - Starting attempt 1 of 2
[2025-11-09T07:18:28.353+0000] {taskinstance.py:2330} INFO - Executing <Task(PythonOperator): etl_bronze> on 2024-11-01 00:00:00+00:00
[2025-11-09T07:18:28.381+0000] {standard_task_runner.py:63} INFO - Started process 2214 to run task
[2025-11-09T07:18:28.396+0000] {standard_task_runner.py:90} INFO - Running: ['airflow', 'tasks', 'run', 'ml_pipeline_dag', 'etl_bronze', 'scheduled__2024-11-01T00:00:00+00:00', '--job-id', '108', '--raw', '--subdir', 'DAGS_FOLDER/ml_pipeline_dag.py', '--cfg-path', '/tmp/tmpnwtsurmc']
[2025-11-09T07:18:28.398+0000] {standard_task_runner.py:91} INFO - Job 108: Subtask etl_bronze
[2025-11-09T07:18:28.453+0000] {task_command.py:426} INFO - Running <TaskInstance: ml_pipeline_dag.etl_bronze scheduled__2024-11-01T00:00:00+00:00 [running]> on host 43f902d7ce51
[2025-11-09T07:18:28.508+0000] {taskinstance.py:2648} INFO - Exporting env vars: AIRFLOW_CTX_DAG_OWNER='airflow' AIRFLOW_CTX_DAG_ID='ml_pipeline_dag' AIRFLOW_CTX_TASK_ID='etl_bronze' AIRFLOW_CTX_EXECUTION_DATE='2024-11-01T00:00:00+00:00' AIRFLOW_CTX_TRY_NUMBER='1' AIRFLOW_CTX_DAG_RUN_ID='scheduled__2024-11-01T00:00:00+00:00'
[2025-11-09T07:18:28.508+0000] {taskinstance.py:430} INFO - ::endgroup::
[2025-11-09T07:18:29.309+0000] {logging_mixin.py:188} INFO - >>> Running Bronze Ingest...
[2025-11-09T07:18:29.309+0000] {logging_mixin.py:188} INFO - === BRONZE: ingest raw CSV -> parquet (lowercase cols) ===
[2025-11-09T07:18:29.610+0000] {logging_mixin.py:188} INFO - [BRONZE] lms -> datamart/bronze/lms.parquet rows=137500
[2025-11-09T07:18:29.682+0000] {logging_mixin.py:188} INFO - [BRONZE] financials -> datamart/bronze/financials.parquet rows=12500
[2025-11-09T07:18:29.704+0000] {logging_mixin.py:188} INFO - [BRONZE] attributes -> datamart/bronze/attributes.parquet rows=12500
[2025-11-09T07:18:30.055+0000] {logging_mixin.py:188} INFO - [BRONZE] clickstream -> datamart/bronze/clickstream.parquet rows=215376
[2025-11-09T07:18:30.056+0000] {logging_mixin.py:188} INFO - ✅ Bronze done
[2025-11-09T07:18:30.058+0000] {python.py:237} INFO - Done. Returned value was: None
[2025-11-09T07:18:30.059+0000] {taskinstance.py:441} INFO - ::group::Post task execution logs
[2025-11-09T07:18:30.075+0000] {taskinstance.py:1206} INFO - Marking task as SUCCESS. dag_id=ml_pipeline_dag, task_id=etl_bronze, run_id=scheduled__2024-11-01T00:00:00+00:00, execution_date=20241101T000000, start_date=20251109T071828, end_date=20251109T071830
[2025-11-09T07:18:30.145+0000] {local_task_job_runner.py:240} INFO - Task exited with return code 0
[2025-11-09T07:18:30.200+0000] {taskinstance.py:3503} INFO - 1 downstream tasks scheduled from follow-on schedule check
[2025-11-09T07:18:30.202+0000] {local_task_job_runner.py:222} INFO - ::endgroup::
