[2025-11-09T06:50:41.901+0000] {local_task_job_runner.py:120} INFO - ::group::Pre task execution logs
[2025-11-09T06:50:41.918+0000] {taskinstance.py:2076} INFO - Dependencies all met for dep_context=non-requeueable deps ti=<TaskInstance: ml_pipeline_dag.etl_bronze scheduled__2023-12-01T00:00:00+00:00 [queued]>
[2025-11-09T06:50:41.921+0000] {taskinstance.py:2076} INFO - Dependencies all met for dep_context=requeueable deps ti=<TaskInstance: ml_pipeline_dag.etl_bronze scheduled__2023-12-01T00:00:00+00:00 [queued]>
[2025-11-09T06:50:41.921+0000] {taskinstance.py:2306} INFO - Starting attempt 1 of 2
[2025-11-09T06:50:41.927+0000] {taskinstance.py:2330} INFO - Executing <Task(PythonOperator): etl_bronze> on 2023-12-01 00:00:00+00:00
[2025-11-09T06:50:41.936+0000] {standard_task_runner.py:63} INFO - Started process 2110 to run task
[2025-11-09T06:50:41.941+0000] {standard_task_runner.py:90} INFO - Running: ['airflow', 'tasks', 'run', 'ml_pipeline_dag', 'etl_bronze', 'scheduled__2023-12-01T00:00:00+00:00', '--job-id', '44', '--raw', '--subdir', 'DAGS_FOLDER/ml_pipeline_dag.py', '--cfg-path', '/tmp/tmp1eaig3nf']
[2025-11-09T06:50:41.942+0000] {standard_task_runner.py:91} INFO - Job 44: Subtask etl_bronze
[2025-11-09T06:50:41.974+0000] {task_command.py:426} INFO - Running <TaskInstance: ml_pipeline_dag.etl_bronze scheduled__2023-12-01T00:00:00+00:00 [running]> on host 251466b916f8
[2025-11-09T06:50:42.016+0000] {taskinstance.py:2648} INFO - Exporting env vars: AIRFLOW_CTX_DAG_OWNER='airflow' AIRFLOW_CTX_DAG_ID='ml_pipeline_dag' AIRFLOW_CTX_TASK_ID='etl_bronze' AIRFLOW_CTX_EXECUTION_DATE='2023-12-01T00:00:00+00:00' AIRFLOW_CTX_TRY_NUMBER='1' AIRFLOW_CTX_DAG_RUN_ID='scheduled__2023-12-01T00:00:00+00:00'
[2025-11-09T06:50:42.017+0000] {taskinstance.py:430} INFO - ::endgroup::
[2025-11-09T06:50:42.390+0000] {logging_mixin.py:188} INFO - >>> Running Bronze Ingest...
[2025-11-09T06:50:42.391+0000] {logging_mixin.py:188} INFO - === BRONZE: ingest raw CSV -> parquet (lowercase cols) ===
[2025-11-09T06:50:42.636+0000] {logging_mixin.py:188} INFO - [BRONZE] lms -> datamart/bronze/lms.parquet rows=137500
[2025-11-09T06:50:42.745+0000] {logging_mixin.py:188} INFO - [BRONZE] financials -> datamart/bronze/financials.parquet rows=12500
[2025-11-09T06:50:42.767+0000] {logging_mixin.py:188} INFO - [BRONZE] attributes -> datamart/bronze/attributes.parquet rows=12500
[2025-11-09T06:50:43.389+0000] {logging_mixin.py:188} INFO - [BRONZE] clickstream -> datamart/bronze/clickstream.parquet rows=215376
[2025-11-09T06:50:43.390+0000] {logging_mixin.py:188} INFO - ✅ Bronze done
[2025-11-09T06:50:43.395+0000] {python.py:237} INFO - Done. Returned value was: None
[2025-11-09T06:50:43.396+0000] {taskinstance.py:441} INFO - ::group::Post task execution logs
[2025-11-09T06:50:43.414+0000] {taskinstance.py:1206} INFO - Marking task as SUCCESS. dag_id=ml_pipeline_dag, task_id=etl_bronze, run_id=scheduled__2023-12-01T00:00:00+00:00, execution_date=20231201T000000, start_date=20251109T065041, end_date=20251109T065043
[2025-11-09T06:50:43.450+0000] {local_task_job_runner.py:240} INFO - Task exited with return code 0
[2025-11-09T06:50:43.495+0000] {taskinstance.py:3503} INFO - 1 downstream tasks scheduled from follow-on schedule check
[2025-11-09T06:50:43.497+0000] {local_task_job_runner.py:222} INFO - ::endgroup::
