[2025-11-09T07:12:07.979+0000] {local_task_job_runner.py:120} INFO - ::group::Pre task execution logs
[2025-11-09T07:12:08.015+0000] {taskinstance.py:2076} INFO - Dependencies all met for dep_context=non-requeueable deps ti=<TaskInstance: ml_pipeline_dag.etl_bronze scheduled__2024-09-01T00:00:00+00:00 [queued]>
[2025-11-09T07:12:08.019+0000] {taskinstance.py:2076} INFO - Dependencies all met for dep_context=requeueable deps ti=<TaskInstance: ml_pipeline_dag.etl_bronze scheduled__2024-09-01T00:00:00+00:00 [queued]>
[2025-11-09T07:12:08.019+0000] {taskinstance.py:2306} INFO - Starting attempt 1 of 2
[2025-11-09T07:12:08.036+0000] {taskinstance.py:2330} INFO - Executing <Task(PythonOperator): etl_bronze> on 2024-09-01 00:00:00+00:00
[2025-11-09T07:12:08.057+0000] {standard_task_runner.py:63} INFO - Started process 876 to run task
[2025-11-09T07:12:08.073+0000] {standard_task_runner.py:90} INFO - Running: ['airflow', 'tasks', 'run', 'ml_pipeline_dag', 'etl_bronze', 'scheduled__2024-09-01T00:00:00+00:00', '--job-id', '89', '--raw', '--subdir', 'DAGS_FOLDER/ml_pipeline_dag.py', '--cfg-path', '/tmp/tmpj1me0q3w']
[2025-11-09T07:12:08.080+0000] {standard_task_runner.py:91} INFO - Job 89: Subtask etl_bronze
[2025-11-09T07:12:08.158+0000] {task_command.py:426} INFO - Running <TaskInstance: ml_pipeline_dag.etl_bronze scheduled__2024-09-01T00:00:00+00:00 [running]> on host 43f902d7ce51
[2025-11-09T07:12:08.250+0000] {taskinstance.py:2648} INFO - Exporting env vars: AIRFLOW_CTX_DAG_OWNER='airflow' AIRFLOW_CTX_DAG_ID='ml_pipeline_dag' AIRFLOW_CTX_TASK_ID='etl_bronze' AIRFLOW_CTX_EXECUTION_DATE='2024-09-01T00:00:00+00:00' AIRFLOW_CTX_TRY_NUMBER='1' AIRFLOW_CTX_DAG_RUN_ID='scheduled__2024-09-01T00:00:00+00:00'
[2025-11-09T07:12:08.256+0000] {taskinstance.py:430} INFO - ::endgroup::
[2025-11-09T07:12:09.471+0000] {logging_mixin.py:188} INFO - >>> Running Bronze Ingest...
[2025-11-09T07:12:09.473+0000] {logging_mixin.py:188} INFO - === BRONZE: ingest raw CSV -> parquet (lowercase cols) ===
[2025-11-09T07:12:10.103+0000] {logging_mixin.py:188} INFO - [BRONZE] lms -> datamart/bronze/lms.parquet rows=137500
[2025-11-09T07:12:10.306+0000] {logging_mixin.py:188} INFO - [BRONZE] financials -> datamart/bronze/financials.parquet rows=12500
[2025-11-09T07:12:10.337+0000] {logging_mixin.py:188} INFO - [BRONZE] attributes -> datamart/bronze/attributes.parquet rows=12500
[2025-11-09T07:12:11.723+0000] {logging_mixin.py:188} INFO - [BRONZE] clickstream -> datamart/bronze/clickstream.parquet rows=215376
[2025-11-09T07:12:11.725+0000] {logging_mixin.py:188} INFO - ✅ Bronze done
[2025-11-09T07:12:11.728+0000] {python.py:237} INFO - Done. Returned value was: None
[2025-11-09T07:12:11.728+0000] {taskinstance.py:441} INFO - ::group::Post task execution logs
[2025-11-09T07:12:11.749+0000] {taskinstance.py:1206} INFO - Marking task as SUCCESS. dag_id=ml_pipeline_dag, task_id=etl_bronze, run_id=scheduled__2024-09-01T00:00:00+00:00, execution_date=20240901T000000, start_date=20251109T071208, end_date=20251109T071211
[2025-11-09T07:12:11.789+0000] {local_task_job_runner.py:240} INFO - Task exited with return code 0
[2025-11-09T07:12:11.871+0000] {taskinstance.py:3503} INFO - 1 downstream tasks scheduled from follow-on schedule check
[2025-11-09T07:12:11.872+0000] {local_task_job_runner.py:222} INFO - ::endgroup::
