[2025-11-09T07:23:15.714+0000] {local_task_job_runner.py:120} INFO - ::group::Pre task execution logs
[2025-11-09T07:23:15.742+0000] {taskinstance.py:2076} INFO - Dependencies all met for dep_context=non-requeueable deps ti=<TaskInstance: ml_pipeline_dag.run_monitoring manual__2025-11-09T07:00:32.905346+00:00 [queued]>
[2025-11-09T07:23:15.751+0000] {taskinstance.py:2076} INFO - Dependencies all met for dep_context=requeueable deps ti=<TaskInstance: ml_pipeline_dag.run_monitoring manual__2025-11-09T07:00:32.905346+00:00 [queued]>
[2025-11-09T07:23:15.752+0000] {taskinstance.py:2306} INFO - Starting attempt 1 of 2
[2025-11-09T07:23:15.767+0000] {taskinstance.py:2330} INFO - Executing <Task(PythonOperator): run_monitoring> on 2025-11-09 07:00:32.905346+00:00
[2025-11-09T07:23:15.800+0000] {standard_task_runner.py:63} INFO - Started process 3231 to run task
[2025-11-09T07:23:15.808+0000] {standard_task_runner.py:90} INFO - Running: ['airflow', 'tasks', 'run', 'ml_pipeline_dag', 'run_monitoring', 'manual__2025-11-09T07:00:32.905346+00:00', '--job-id', '121', '--raw', '--subdir', 'DAGS_FOLDER/ml_pipeline_dag.py', '--cfg-path', '/tmp/tmpkd5c_0qf']
[2025-11-09T07:23:15.811+0000] {standard_task_runner.py:91} INFO - Job 121: Subtask run_monitoring
[2025-11-09T07:23:15.872+0000] {task_command.py:426} INFO - Running <TaskInstance: ml_pipeline_dag.run_monitoring manual__2025-11-09T07:00:32.905346+00:00 [running]> on host 43f902d7ce51
[2025-11-09T07:23:15.941+0000] {taskinstance.py:2648} INFO - Exporting env vars: AIRFLOW_CTX_DAG_OWNER='airflow' AIRFLOW_CTX_DAG_ID='ml_pipeline_dag' AIRFLOW_CTX_TASK_ID='run_monitoring' AIRFLOW_CTX_EXECUTION_DATE='2025-11-09T07:00:32.905346+00:00' AIRFLOW_CTX_TRY_NUMBER='1' AIRFLOW_CTX_DAG_RUN_ID='manual__2025-11-09T07:00:32.905346+00:00'
[2025-11-09T07:23:15.942+0000] {taskinstance.py:430} INFO - ::endgroup::
[2025-11-09T07:23:17.516+0000] {logging_mixin.py:188} INFO - >>> Running Monitoring...
[2025-11-09T07:23:17.520+0000] {logging_mixin.py:188} INFO - === Start monitoring ===
[2025-11-09T07:23:17.521+0000] {logging_mixin.py:188} INFO - === AUC check for 2024-12-01 ===
[2025-11-09T07:23:17.628+0000] {logging_mixin.py:188} INFO - AUC[2024-12-01] = 0.9132
[2025-11-09T07:23:17.629+0000] {logging_mixin.py:188} INFO - === PSI on pd_score: 2023-11-01 -> 2024-12-01 ===
[2025-11-09T07:23:17.644+0000] {logging_mixin.py:188} INFO - PSI(pd_score) 2023-11-01 -> 2024-12-01 = 7.8330
[2025-11-09T07:23:17.653+0000] {logging_mixin.py:188} INFO - 💾 Saved monitoring summary to /opt/airflow/datamart/gold/monitor_store/monitoring_summary.parquet
[2025-11-09T07:23:17.692+0000] {logging_mixin.py:188} INFO - 💾 Saved monitoring history to /opt/airflow/datamart/gold/monitor_store/monitoring_history.parquet
[2025-11-09T07:23:17.693+0000] {python.py:237} INFO - Done. Returned value was: None
[2025-11-09T07:23:17.693+0000] {taskinstance.py:441} INFO - ::group::Post task execution logs
[2025-11-09T07:23:17.710+0000] {taskinstance.py:1206} INFO - Marking task as SUCCESS. dag_id=ml_pipeline_dag, task_id=run_monitoring, run_id=manual__2025-11-09T07:00:32.905346+00:00, execution_date=20251109T070032, start_date=20251109T072315, end_date=20251109T072317
[2025-11-09T07:23:17.768+0000] {local_task_job_runner.py:240} INFO - Task exited with return code 0
[2025-11-09T07:23:17.816+0000] {taskinstance.py:3503} INFO - 0 downstream tasks scheduled from follow-on schedule check
[2025-11-09T07:23:17.817+0000] {local_task_job_runner.py:222} INFO - ::endgroup::
