[2025-11-09T06:39:12.801+0000] {local_task_job_runner.py:120} INFO - ::group::Pre task execution logs
[2025-11-09T06:39:12.834+0000] {taskinstance.py:2076} INFO - Dependencies all met for dep_context=non-requeueable deps ti=<TaskInstance: ml_pipeline_dag.etl_bronze manual__2025-11-09T06:39:07.608540+00:00 [queued]>
[2025-11-09T06:39:12.839+0000] {taskinstance.py:2076} INFO - Dependencies all met for dep_context=requeueable deps ti=<TaskInstance: ml_pipeline_dag.etl_bronze manual__2025-11-09T06:39:07.608540+00:00 [queued]>
[2025-11-09T06:39:12.840+0000] {taskinstance.py:2306} INFO - Starting attempt 1 of 2
[2025-11-09T06:39:12.848+0000] {taskinstance.py:2330} INFO - Executing <Task(PythonOperator): etl_bronze> on 2025-11-09 06:39:07.608540+00:00
[2025-11-09T06:39:12.862+0000] {standard_task_runner.py:63} INFO - Started process 582 to run task
[2025-11-09T06:39:12.877+0000] {standard_task_runner.py:90} INFO - Running: ['airflow', 'tasks', 'run', 'ml_pipeline_dag', 'etl_bronze', 'manual__2025-11-09T06:39:07.608540+00:00', '--job-id', '24', '--raw', '--subdir', 'DAGS_FOLDER/ml_pipeline_dag.py', '--cfg-path', '/tmp/tmplv7f30ze']
[2025-11-09T06:39:12.883+0000] {standard_task_runner.py:91} INFO - Job 24: Subtask etl_bronze
[2025-11-09T06:39:13.059+0000] {task_command.py:426} INFO - Running <TaskInstance: ml_pipeline_dag.etl_bronze manual__2025-11-09T06:39:07.608540+00:00 [running]> on host 251466b916f8
[2025-11-09T06:39:13.124+0000] {taskinstance.py:2648} INFO - Exporting env vars: AIRFLOW_CTX_DAG_OWNER='airflow' AIRFLOW_CTX_DAG_ID='ml_pipeline_dag' AIRFLOW_CTX_TASK_ID='etl_bronze' AIRFLOW_CTX_EXECUTION_DATE='2025-11-09T06:39:07.608540+00:00' AIRFLOW_CTX_TRY_NUMBER='1' AIRFLOW_CTX_DAG_RUN_ID='manual__2025-11-09T06:39:07.608540+00:00'
[2025-11-09T06:39:13.125+0000] {taskinstance.py:430} INFO - ::endgroup::
[2025-11-09T06:39:13.863+0000] {logging_mixin.py:188} INFO - >>> Running Bronze Ingest...
[2025-11-09T06:39:13.864+0000] {logging_mixin.py:188} INFO - === BRONZE: ingest raw CSV -> parquet (lowercase cols) ===
[2025-11-09T06:39:14.633+0000] {logging_mixin.py:188} INFO - [BRONZE] lms -> datamart/bronze/lms.parquet rows=137500
[2025-11-09T06:39:14.996+0000] {logging_mixin.py:188} INFO - [BRONZE] financials -> datamart/bronze/financials.parquet rows=12500
[2025-11-09T06:39:15.075+0000] {logging_mixin.py:188} INFO - [BRONZE] attributes -> datamart/bronze/attributes.parquet rows=12500
[2025-11-09T06:39:15.774+0000] {logging_mixin.py:188} INFO - [BRONZE] clickstream -> datamart/bronze/clickstream.parquet rows=215376
[2025-11-09T06:39:15.777+0000] {logging_mixin.py:188} INFO - ✅ Bronze done
[2025-11-09T06:39:15.785+0000] {python.py:237} INFO - Done. Returned value was: None
[2025-11-09T06:39:15.785+0000] {taskinstance.py:441} INFO - ::group::Post task execution logs
[2025-11-09T06:39:15.809+0000] {taskinstance.py:1206} INFO - Marking task as SUCCESS. dag_id=ml_pipeline_dag, task_id=etl_bronze, run_id=manual__2025-11-09T06:39:07.608540+00:00, execution_date=20251109T063907, start_date=20251109T063912, end_date=20251109T063915
[2025-11-09T06:39:15.881+0000] {local_task_job_runner.py:240} INFO - Task exited with return code 0
[2025-11-09T06:39:15.942+0000] {taskinstance.py:3503} INFO - 1 downstream tasks scheduled from follow-on schedule check
[2025-11-09T06:39:15.944+0000] {local_task_job_runner.py:222} INFO - ::endgroup::
