[2025-11-09T08:04:03.348+0000] {local_task_job_runner.py:120} INFO - ::group::Pre task execution logs
[2025-11-09T08:04:03.373+0000] {taskinstance.py:2076} INFO - Dependencies all met for dep_context=non-requeueable deps ti=<TaskInstance: ml_pipeline_dag.run_monitoring manual__2025-11-09T08:02:37.637744+00:00 [queued]>
[2025-11-09T08:04:03.377+0000] {taskinstance.py:2076} INFO - Dependencies all met for dep_context=requeueable deps ti=<TaskInstance: ml_pipeline_dag.run_monitoring manual__2025-11-09T08:02:37.637744+00:00 [queued]>
[2025-11-09T08:04:03.378+0000] {taskinstance.py:2306} INFO - Starting attempt 1 of 2
[2025-11-09T08:04:03.391+0000] {taskinstance.py:2330} INFO - Executing <Task(PythonOperator): run_monitoring> on 2025-11-09 08:02:37.637744+00:00
[2025-11-09T08:04:03.407+0000] {standard_task_runner.py:63} INFO - Started process 9426 to run task
[2025-11-09T08:04:03.416+0000] {standard_task_runner.py:90} INFO - Running: ['airflow', 'tasks', 'run', 'ml_pipeline_dag', 'run_monitoring', 'manual__2025-11-09T08:02:37.637744+00:00', '--job-id', '199', '--raw', '--subdir', 'DAGS_FOLDER/ml_pipeline_dag.py', '--cfg-path', '/tmp/tmpb_qxog7s']
[2025-11-09T08:04:03.420+0000] {standard_task_runner.py:91} INFO - Job 199: Subtask run_monitoring
[2025-11-09T08:04:03.475+0000] {task_command.py:426} INFO - Running <TaskInstance: ml_pipeline_dag.run_monitoring manual__2025-11-09T08:02:37.637744+00:00 [running]> on host 43f902d7ce51
[2025-11-09T08:04:03.538+0000] {taskinstance.py:2648} INFO - Exporting env vars: AIRFLOW_CTX_DAG_OWNER='airflow' AIRFLOW_CTX_DAG_ID='ml_pipeline_dag' AIRFLOW_CTX_TASK_ID='run_monitoring' AIRFLOW_CTX_EXECUTION_DATE='2025-11-09T08:02:37.637744+00:00' AIRFLOW_CTX_TRY_NUMBER='1' AIRFLOW_CTX_DAG_RUN_ID='manual__2025-11-09T08:02:37.637744+00:00'
[2025-11-09T08:04:03.539+0000] {taskinstance.py:430} INFO - ::endgroup::
[2025-11-09T08:04:04.562+0000] {logging_mixin.py:188} INFO - >>> Running Monitoring...
[2025-11-09T08:04:04.564+0000] {logging_mixin.py:188} INFO - === Start monitoring ===
[2025-11-09T08:04:04.564+0000] {logging_mixin.py:188} INFO - === AUC check for 2024-12-01 ===
[2025-11-09T08:04:04.633+0000] {logging_mixin.py:188} INFO - AUC[2024-12-01] = 0.9132
[2025-11-09T08:04:04.634+0000] {logging_mixin.py:188} INFO - === PSI on pd_score: 2023-11-01 -> 2024-12-01 ===
[2025-11-09T08:04:04.643+0000] {logging_mixin.py:188} INFO - PSI(pd_score) 2023-11-01 -> 2024-12-01 = 7.8330
[2025-11-09T08:04:04.649+0000] {logging_mixin.py:188} INFO - 💾 Saved monitoring summary to /opt/airflow/datamart/gold/monitor_store/monitoring_summary.parquet
[2025-11-09T08:04:04.677+0000] {logging_mixin.py:188} INFO - 💾 Saved monitoring history to /opt/airflow/datamart/gold/monitor_store/monitoring_history.parquet
[2025-11-09T08:04:04.677+0000] {python.py:237} INFO - Done. Returned value was: None
[2025-11-09T08:04:04.677+0000] {taskinstance.py:441} INFO - ::group::Post task execution logs
[2025-11-09T08:04:04.687+0000] {taskinstance.py:1206} INFO - Marking task as SUCCESS. dag_id=ml_pipeline_dag, task_id=run_monitoring, run_id=manual__2025-11-09T08:02:37.637744+00:00, execution_date=20251109T080237, start_date=20251109T080403, end_date=20251109T080404
[2025-11-09T08:04:04.718+0000] {local_task_job_runner.py:240} INFO - Task exited with return code 0
[2025-11-09T08:04:04.758+0000] {taskinstance.py:3503} INFO - 0 downstream tasks scheduled from follow-on schedule check
[2025-11-09T08:04:04.759+0000] {local_task_job_runner.py:222} INFO - ::endgroup::
