[2025-11-09T07:16:23.023+0000] {local_task_job_runner.py:120} INFO - ::group::Pre task execution logs
[2025-11-09T07:16:23.045+0000] {taskinstance.py:2076} INFO - Dependencies all met for dep_context=non-requeueable deps ti=<TaskInstance: ml_pipeline_dag.run_monitoring scheduled__2024-01-01T00:00:00+00:00 [queued]>
[2025-11-09T07:16:23.051+0000] {taskinstance.py:2076} INFO - Dependencies all met for dep_context=requeueable deps ti=<TaskInstance: ml_pipeline_dag.run_monitoring scheduled__2024-01-01T00:00:00+00:00 [queued]>
[2025-11-09T07:16:23.054+0000] {taskinstance.py:2306} INFO - Starting attempt 2 of 2
[2025-11-09T07:16:23.068+0000] {taskinstance.py:2330} INFO - Executing <Task(PythonOperator): run_monitoring> on 2024-01-01 00:00:00+00:00
[2025-11-09T07:16:23.087+0000] {standard_task_runner.py:63} INFO - Started process 1539 to run task
[2025-11-09T07:16:23.103+0000] {standard_task_runner.py:90} INFO - Running: ['airflow', 'tasks', 'run', 'ml_pipeline_dag', 'run_monitoring', 'scheduled__2024-01-01T00:00:00+00:00', '--job-id', '97', '--raw', '--subdir', 'DAGS_FOLDER/ml_pipeline_dag.py', '--cfg-path', '/tmp/tmpsh25ylex']
[2025-11-09T07:16:23.106+0000] {standard_task_runner.py:91} INFO - Job 97: Subtask run_monitoring
[2025-11-09T07:16:23.208+0000] {task_command.py:426} INFO - Running <TaskInstance: ml_pipeline_dag.run_monitoring scheduled__2024-01-01T00:00:00+00:00 [running]> on host 43f902d7ce51
[2025-11-09T07:16:23.278+0000] {taskinstance.py:2648} INFO - Exporting env vars: AIRFLOW_CTX_DAG_OWNER='airflow' AIRFLOW_CTX_DAG_ID='ml_pipeline_dag' AIRFLOW_CTX_TASK_ID='run_monitoring' AIRFLOW_CTX_EXECUTION_DATE='2024-01-01T00:00:00+00:00' AIRFLOW_CTX_TRY_NUMBER='2' AIRFLOW_CTX_DAG_RUN_ID='scheduled__2024-01-01T00:00:00+00:00'
[2025-11-09T07:16:23.279+0000] {taskinstance.py:430} INFO - ::endgroup::
[2025-11-09T07:16:24.487+0000] {logging_mixin.py:188} INFO - >>> Running Monitoring...
[2025-11-09T07:16:24.489+0000] {logging_mixin.py:188} INFO - === Start monitoring ===
[2025-11-09T07:16:24.490+0000] {logging_mixin.py:188} INFO - === AUC check for 2024-12-01 ===
[2025-11-09T07:16:24.565+0000] {logging_mixin.py:188} INFO - AUC[2024-12-01] = 0.9132
[2025-11-09T07:16:24.566+0000] {logging_mixin.py:188} INFO - === PSI on pd_score: 2023-11-01 -> 2024-12-01 ===
[2025-11-09T07:16:24.578+0000] {logging_mixin.py:188} INFO - PSI(pd_score) 2023-11-01 -> 2024-12-01 = 7.8330
[2025-11-09T07:16:24.582+0000] {logging_mixin.py:188} INFO - 💾 Saved monitoring summary to /opt/airflow/datamart/gold/monitor_store/monitoring_summary.parquet
[2025-11-09T07:16:24.616+0000] {logging_mixin.py:188} INFO - 💾 Saved monitoring history to /opt/airflow/datamart/gold/monitor_store/monitoring_history.parquet
[2025-11-09T07:16:24.616+0000] {python.py:237} INFO - Done. Returned value was: None
[2025-11-09T07:16:24.617+0000] {taskinstance.py:441} INFO - ::group::Post task execution logs
[2025-11-09T07:16:24.626+0000] {taskinstance.py:1206} INFO - Marking task as SUCCESS. dag_id=ml_pipeline_dag, task_id=run_monitoring, run_id=scheduled__2024-01-01T00:00:00+00:00, execution_date=20240101T000000, start_date=20251109T071623, end_date=20251109T071624
[2025-11-09T07:16:24.695+0000] {local_task_job_runner.py:240} INFO - Task exited with return code 0
[2025-11-09T07:16:24.785+0000] {taskinstance.py:3503} INFO - 0 downstream tasks scheduled from follow-on schedule check
[2025-11-09T07:16:24.788+0000] {local_task_job_runner.py:222} INFO - ::endgroup::
