[2025-11-09T07:23:57.945+0000] {local_task_job_runner.py:120} INFO - ::group::Pre task execution logs
[2025-11-09T07:23:57.960+0000] {taskinstance.py:2076} INFO - Dependencies all met for dep_context=non-requeueable deps ti=<TaskInstance: ml_pipeline_dag.train_model scheduled__2024-10-01T00:00:00+00:00 [queued]>
[2025-11-09T07:23:57.963+0000] {taskinstance.py:2076} INFO - Dependencies all met for dep_context=requeueable deps ti=<TaskInstance: ml_pipeline_dag.train_model scheduled__2024-10-01T00:00:00+00:00 [queued]>
[2025-11-09T07:23:57.963+0000] {taskinstance.py:2306} INFO - Starting attempt 1 of 2
[2025-11-09T07:23:57.970+0000] {taskinstance.py:2330} INFO - Executing <Task(PythonOperator): train_model> on 2024-10-01 00:00:00+00:00
[2025-11-09T07:23:57.977+0000] {standard_task_runner.py:63} INFO - Started process 3600 to run task
[2025-11-09T07:23:57.984+0000] {standard_task_runner.py:90} INFO - Running: ['airflow', 'tasks', 'run', 'ml_pipeline_dag', 'train_model', 'scheduled__2024-10-01T00:00:00+00:00', '--job-id', '125', '--raw', '--subdir', 'DAGS_FOLDER/ml_pipeline_dag.py', '--cfg-path', '/tmp/tmp4clzbf_w']
[2025-11-09T07:23:57.986+0000] {standard_task_runner.py:91} INFO - Job 125: Subtask train_model
[2025-11-09T07:23:58.019+0000] {task_command.py:426} INFO - Running <TaskInstance: ml_pipeline_dag.train_model scheduled__2024-10-01T00:00:00+00:00 [running]> on host 43f902d7ce51
[2025-11-09T07:23:58.064+0000] {taskinstance.py:2648} INFO - Exporting env vars: AIRFLOW_CTX_DAG_OWNER='airflow' AIRFLOW_CTX_DAG_ID='ml_pipeline_dag' AIRFLOW_CTX_TASK_ID='train_model' AIRFLOW_CTX_EXECUTION_DATE='2024-10-01T00:00:00+00:00' AIRFLOW_CTX_TRY_NUMBER='1' AIRFLOW_CTX_DAG_RUN_ID='scheduled__2024-10-01T00:00:00+00:00'
[2025-11-09T07:23:58.065+0000] {taskinstance.py:430} INFO - ::endgroup::
[2025-11-09T07:23:59.401+0000] {logging_mixin.py:188} INFO - >>> Running Model Training...
[2025-11-09T07:23:59.402+0000] {logging_mixin.py:188} INFO - === Load GOLD data ===
[2025-11-09T07:24:01.447+0000] {logging_mixin.py:188} INFO - (150018, 77)
[2025-11-09T07:24:01.453+0000] {logging_mixin.py:188} INFO - === Temporal split ===
[2025-11-09T07:24:02.258+0000] {logging_mixin.py:188} INFO - Train snapshots: [Timestamp('2023-01-01 00:00:00'), Timestamp('2023-02-01 00:00:00'), Timestamp('2023-03-01 00:00:00'), Timestamp('2023-04-01 00:00:00'), Timestamp('2023-05-01 00:00:00'), Timestamp('2023-06-01 00:00:00'), Timestamp('2023-07-01 00:00:00'), Timestamp('2023-08-01 00:00:00'), Timestamp('2023-09-01 00:00:00'), Timestamp('2023-10-01 00:00:00'), Timestamp('2023-11-01 00:00:00'), Timestamp('2023-12-01 00:00:00'), Timestamp('2024-01-01 00:00:00'), Timestamp('2024-02-01 00:00:00'), Timestamp('2024-03-01 00:00:00'), Timestamp('2024-04-01 00:00:00'), Timestamp('2024-05-01 00:00:00'), Timestamp('2024-06-01 00:00:00'), Timestamp('2024-07-01 00:00:00'), Timestamp('2024-08-01 00:00:00'), Timestamp('2024-09-01 00:00:00'), Timestamp('2024-10-01 00:00:00'), Timestamp('2024-11-01 00:00:00')]
[2025-11-09T07:24:02.263+0000] {logging_mixin.py:188} INFO - Val snapshot: [Timestamp('2024-12-01 00:00:00')]
[2025-11-09T07:24:02.265+0000] {logging_mixin.py:188} INFO - === Prepare X, y ===
[2025-11-09T07:24:02.324+0000] {logging_mixin.py:188} INFO - Calculating median values from training data...
[2025-11-09T07:24:02.597+0000] {logging_mixin.py:188} INFO - X_train: (138044, 50) positives: 39619
[2025-11-09T07:24:02.598+0000] {logging_mixin.py:188} INFO - X_val  : (11974, 50) positives: 3461
[2025-11-09T07:24:02.598+0000] {logging_mixin.py:188} INFO - === Train models ===
[2025-11-09T07:24:33.306+0000] {logging_mixin.py:188} INFO - Validation AUC:
[2025-11-09T07:24:33.316+0000] {logging_mixin.py:188} INFO -   logreg: 0.5001
[2025-11-09T07:24:33.317+0000] {logging_mixin.py:188} INFO -   rf: 0.9132
[2025-11-09T07:24:33.317+0000] {logging_mixin.py:188} INFO - ✅ Best model: rf (AUC=0.9132)
[2025-11-09T07:24:33.319+0000] {logging_mixin.py:188} INFO - === Save best ===
[2025-11-09T07:24:33.510+0000] {logging_mixin.py:188} INFO - 💾 Saved model to /opt/airflow/model_store/best_model.pkl
[2025-11-09T07:24:33.510+0000] {logging_mixin.py:188} INFO - 💾 Saved meta   to /opt/airflow/model_store/best_model_meta.json
[2025-11-09T07:24:33.766+0000] {python.py:237} INFO - Done. Returned value was: None
[2025-11-09T07:24:33.771+0000] {taskinstance.py:441} INFO - ::group::Post task execution logs
[2025-11-09T07:24:33.841+0000] {taskinstance.py:1206} INFO - Marking task as SUCCESS. dag_id=ml_pipeline_dag, task_id=train_model, run_id=scheduled__2024-10-01T00:00:00+00:00, execution_date=20241001T000000, start_date=20251109T072357, end_date=20251109T072433
[2025-11-09T07:24:34.055+0000] {local_task_job_runner.py:240} INFO - Task exited with return code 0
[2025-11-09T07:24:34.196+0000] {taskinstance.py:3503} INFO - 1 downstream tasks scheduled from follow-on schedule check
[2025-11-09T07:24:34.199+0000] {local_task_job_runner.py:222} INFO - ::endgroup::
