[2025-11-09T07:40:06.575+0000] {local_task_job_runner.py:120} INFO - ::group::Pre task execution logs
[2025-11-09T07:40:06.597+0000] {taskinstance.py:2076} INFO - Dependencies all met for dep_context=non-requeueable deps ti=<TaskInstance: ml_pipeline_dag.etl_bronze scheduled__2025-10-01T00:00:00+00:00 [queued]>
[2025-11-09T07:40:06.600+0000] {taskinstance.py:2076} INFO - Dependencies all met for dep_context=requeueable deps ti=<TaskInstance: ml_pipeline_dag.etl_bronze scheduled__2025-10-01T00:00:00+00:00 [queued]>
[2025-11-09T07:40:06.600+0000] {taskinstance.py:2306} INFO - Starting attempt 1 of 2
[2025-11-09T07:40:06.608+0000] {taskinstance.py:2330} INFO - Executing <Task(PythonOperator): etl_bronze> on 2025-10-01 00:00:00+00:00
[2025-11-09T07:40:06.617+0000] {standard_task_runner.py:63} INFO - Started process 7627 to run task
[2025-11-09T07:40:06.629+0000] {standard_task_runner.py:90} INFO - Running: ['airflow', 'tasks', 'run', 'ml_pipeline_dag', 'etl_bronze', 'scheduled__2025-10-01T00:00:00+00:00', '--job-id', '176', '--raw', '--subdir', 'DAGS_FOLDER/ml_pipeline_dag.py', '--cfg-path', '/tmp/tmpdhbte_qg']
[2025-11-09T07:40:06.633+0000] {standard_task_runner.py:91} INFO - Job 176: Subtask etl_bronze
[2025-11-09T07:40:06.686+0000] {task_command.py:426} INFO - Running <TaskInstance: ml_pipeline_dag.etl_bronze scheduled__2025-10-01T00:00:00+00:00 [running]> on host 43f902d7ce51
[2025-11-09T07:40:06.753+0000] {taskinstance.py:2648} INFO - Exporting env vars: AIRFLOW_CTX_DAG_OWNER='airflow' AIRFLOW_CTX_DAG_ID='ml_pipeline_dag' AIRFLOW_CTX_TASK_ID='etl_bronze' AIRFLOW_CTX_EXECUTION_DATE='2025-10-01T00:00:00+00:00' AIRFLOW_CTX_TRY_NUMBER='1' AIRFLOW_CTX_DAG_RUN_ID='scheduled__2025-10-01T00:00:00+00:00'
[2025-11-09T07:40:06.754+0000] {taskinstance.py:430} INFO - ::endgroup::
[2025-11-09T07:40:07.619+0000] {logging_mixin.py:188} INFO - >>> Running Bronze Ingest...
[2025-11-09T07:40:07.620+0000] {logging_mixin.py:188} INFO - === BRONZE: ingest raw CSV -> parquet (lowercase cols) ===
[2025-11-09T07:40:07.983+0000] {logging_mixin.py:188} INFO - [BRONZE] lms -> datamart/bronze/lms.parquet rows=137500
[2025-11-09T07:40:08.091+0000] {logging_mixin.py:188} INFO - [BRONZE] financials -> datamart/bronze/financials.parquet rows=12500
[2025-11-09T07:40:08.117+0000] {logging_mixin.py:188} INFO - [BRONZE] attributes -> datamart/bronze/attributes.parquet rows=12500
[2025-11-09T07:40:09.048+0000] {logging_mixin.py:188} INFO - [BRONZE] clickstream -> datamart/bronze/clickstream.parquet rows=215376
[2025-11-09T07:40:09.051+0000] {logging_mixin.py:188} INFO - ✅ Bronze done
[2025-11-09T07:40:09.059+0000] {python.py:237} INFO - Done. Returned value was: None
[2025-11-09T07:40:09.059+0000] {taskinstance.py:441} INFO - ::group::Post task execution logs
[2025-11-09T07:40:09.091+0000] {taskinstance.py:1206} INFO - Marking task as SUCCESS. dag_id=ml_pipeline_dag, task_id=etl_bronze, run_id=scheduled__2025-10-01T00:00:00+00:00, execution_date=20251001T000000, start_date=20251109T074006, end_date=20251109T074009
[2025-11-09T07:40:09.142+0000] {local_task_job_runner.py:240} INFO - Task exited with return code 0
[2025-11-09T07:40:09.227+0000] {taskinstance.py:3503} INFO - 1 downstream tasks scheduled from follow-on schedule check
[2025-11-09T07:40:09.254+0000] {local_task_job_runner.py:222} INFO - ::endgroup::
