[2025-11-09T07:35:06.532+0000] {local_task_job_runner.py:120} INFO - ::group::Pre task execution logs
[2025-11-09T07:35:06.550+0000] {taskinstance.py:2076} INFO - Dependencies all met for dep_context=non-requeueable deps ti=<TaskInstance: ml_pipeline_dag.etl_silver scheduled__2025-06-01T00:00:00+00:00 [queued]>
[2025-11-09T07:35:06.557+0000] {taskinstance.py:2076} INFO - Dependencies all met for dep_context=requeueable deps ti=<TaskInstance: ml_pipeline_dag.etl_silver scheduled__2025-06-01T00:00:00+00:00 [queued]>
[2025-11-09T07:35:06.558+0000] {taskinstance.py:2306} INFO - Starting attempt 1 of 2
[2025-11-09T07:35:06.571+0000] {taskinstance.py:2330} INFO - Executing <Task(PythonOperator): etl_silver> on 2025-06-01 00:00:00+00:00
[2025-11-09T07:35:06.588+0000] {standard_task_runner.py:63} INFO - Started process 6214 to run task
[2025-11-09T07:35:06.606+0000] {standard_task_runner.py:90} INFO - Running: ['airflow', 'tasks', 'run', 'ml_pipeline_dag', 'etl_silver', 'scheduled__2025-06-01T00:00:00+00:00', '--job-id', '159', '--raw', '--subdir', 'DAGS_FOLDER/ml_pipeline_dag.py', '--cfg-path', '/tmp/tmphbgnenf5']
[2025-11-09T07:35:06.618+0000] {standard_task_runner.py:91} INFO - Job 159: Subtask etl_silver
[2025-11-09T07:35:06.671+0000] {task_command.py:426} INFO - Running <TaskInstance: ml_pipeline_dag.etl_silver scheduled__2025-06-01T00:00:00+00:00 [running]> on host 43f902d7ce51
[2025-11-09T07:35:06.805+0000] {taskinstance.py:2648} INFO - Exporting env vars: AIRFLOW_CTX_DAG_OWNER='airflow' AIRFLOW_CTX_DAG_ID='ml_pipeline_dag' AIRFLOW_CTX_TASK_ID='etl_silver' AIRFLOW_CTX_EXECUTION_DATE='2025-06-01T00:00:00+00:00' AIRFLOW_CTX_TRY_NUMBER='1' AIRFLOW_CTX_DAG_RUN_ID='scheduled__2025-06-01T00:00:00+00:00'
[2025-11-09T07:35:06.806+0000] {taskinstance.py:430} INFO - ::endgroup::
[2025-11-09T07:35:07.576+0000] {logging_mixin.py:188} INFO - >>> Running Silver Backfill...
[2025-11-09T07:35:07.577+0000] {logging_mixin.py:188} INFO - === SILVER: backfill monthly + cleaned partitions ===
[2025-11-09T07:35:11.874+0000] {logging_mixin.py:188} INFO - [SILVER] 2023-01-01 loan_daily rows=530 -> datamart/silver/loan_daily/snapshot_date=2023-01-01/loan_daily.parquet
[2025-11-09T07:35:11.891+0000] {logging_mixin.py:188} INFO - [SILVER] 2023-02-01 loan_daily rows=1561 -> datamart/silver/loan_daily/snapshot_date=2023-02-01/loan_daily.parquet
[2025-11-09T07:35:11.902+0000] {logging_mixin.py:188} INFO - [SILVER] 2023-03-01 loan_daily rows=3098 -> datamart/silver/loan_daily/snapshot_date=2023-03-01/loan_daily.parquet
[2025-11-09T07:35:11.923+0000] {logging_mixin.py:188} INFO - [SILVER] 2023-04-01 loan_daily rows=5145 -> datamart/silver/loan_daily/snapshot_date=2023-04-01/loan_daily.parquet
[2025-11-09T07:35:11.941+0000] {logging_mixin.py:188} INFO - [SILVER] 2023-05-01 loan_daily rows=7713 -> datamart/silver/loan_daily/snapshot_date=2023-05-01/loan_daily.parquet
[2025-11-09T07:35:11.955+0000] {logging_mixin.py:188} INFO - [SILVER] 2023-06-01 loan_daily rows=10798 -> datamart/silver/loan_daily/snapshot_date=2023-06-01/loan_daily.parquet
[2025-11-09T07:35:11.971+0000] {logging_mixin.py:188} INFO - [SILVER] 2023-07-01 loan_daily rows=14354 -> datamart/silver/loan_daily/snapshot_date=2023-07-01/loan_daily.parquet
[2025-11-09T07:35:11.988+0000] {logging_mixin.py:188} INFO - [SILVER] 2023-08-01 loan_daily rows=18391 -> datamart/silver/loan_daily/snapshot_date=2023-08-01/loan_daily.parquet
[2025-11-09T07:35:12.006+0000] {logging_mixin.py:188} INFO - [SILVER] 2023-09-01 loan_daily rows=22882 -> datamart/silver/loan_daily/snapshot_date=2023-09-01/loan_daily.parquet
[2025-11-09T07:35:12.027+0000] {logging_mixin.py:188} INFO - [SILVER] 2023-10-01 loan_daily rows=27860 -> datamart/silver/loan_daily/snapshot_date=2023-10-01/loan_daily.parquet
[2025-11-09T07:35:12.054+0000] {logging_mixin.py:188} INFO - [SILVER] 2023-11-01 loan_daily rows=33329 -> datamart/silver/loan_daily/snapshot_date=2023-11-01/loan_daily.parquet
[2025-11-09T07:35:12.076+0000] {logging_mixin.py:188} INFO - [SILVER] 2023-12-01 loan_daily rows=38757 -> datamart/silver/loan_daily/snapshot_date=2023-12-01/loan_daily.parquet
[2025-11-09T07:35:12.125+0000] {logging_mixin.py:188} INFO - [SILVER] 2024-01-01 loan_daily rows=44169 -> datamart/silver/loan_daily/snapshot_date=2024-01-01/loan_daily.parquet
[2025-11-09T07:35:12.154+0000] {logging_mixin.py:188} INFO - [SILVER] 2024-02-01 loan_daily rows=49593 -> datamart/silver/loan_daily/snapshot_date=2024-02-01/loan_daily.parquet
[2025-11-09T07:35:12.188+0000] {logging_mixin.py:188} INFO - [SILVER] 2024-03-01 loan_daily rows=55018 -> datamart/silver/loan_daily/snapshot_date=2024-03-01/loan_daily.parquet
[2025-11-09T07:35:12.221+0000] {logging_mixin.py:188} INFO - [SILVER] 2024-04-01 loan_daily rows=60435 -> datamart/silver/loan_daily/snapshot_date=2024-04-01/loan_daily.parquet
[2025-11-09T07:35:12.254+0000] {logging_mixin.py:188} INFO - [SILVER] 2024-05-01 loan_daily rows=65826 -> datamart/silver/loan_daily/snapshot_date=2024-05-01/loan_daily.parquet
[2025-11-09T07:35:12.324+0000] {logging_mixin.py:188} INFO - [SILVER] 2024-06-01 loan_daily rows=71244 -> datamart/silver/loan_daily/snapshot_date=2024-06-01/loan_daily.parquet
[2025-11-09T07:35:12.425+0000] {logging_mixin.py:188} INFO - [SILVER] 2024-07-01 loan_daily rows=76686 -> datamart/silver/loan_daily/snapshot_date=2024-07-01/loan_daily.parquet
[2025-11-09T07:35:12.510+0000] {logging_mixin.py:188} INFO - [SILVER] 2024-08-01 loan_daily rows=82217 -> datamart/silver/loan_daily/snapshot_date=2024-08-01/loan_daily.parquet
[2025-11-09T07:35:12.599+0000] {logging_mixin.py:188} INFO - [SILVER] 2024-09-01 loan_daily rows=87754 -> datamart/silver/loan_daily/snapshot_date=2024-09-01/loan_daily.parquet
[2025-11-09T07:35:12.680+0000] {logging_mixin.py:188} INFO - [SILVER] 2024-10-01 loan_daily rows=93256 -> datamart/silver/loan_daily/snapshot_date=2024-10-01/loan_daily.parquet
[2025-11-09T07:35:12.737+0000] {logging_mixin.py:188} INFO - [SILVER] 2024-11-01 loan_daily rows=98757 -> datamart/silver/loan_daily/snapshot_date=2024-11-01/loan_daily.parquet
[2025-11-09T07:35:12.800+0000] {logging_mixin.py:188} INFO - [SILVER] 2024-12-01 loan_daily rows=104288 -> datamart/silver/loan_daily/snapshot_date=2024-12-01/loan_daily.parquet
[2025-11-09T07:35:12.800+0000] {logging_mixin.py:188} INFO - [SILVER] attributes: 12500 | financials: 12500 | clickstream: 215376 | loan_daily: 137500
[2025-11-09T07:35:12.800+0000] {logging_mixin.py:188} INFO - ✅ Silver done
[2025-11-09T07:35:12.842+0000] {python.py:237} INFO - Done. Returned value was: None
[2025-11-09T07:35:12.842+0000] {taskinstance.py:441} INFO - ::group::Post task execution logs
[2025-11-09T07:35:12.868+0000] {taskinstance.py:1206} INFO - Marking task as SUCCESS. dag_id=ml_pipeline_dag, task_id=etl_silver, run_id=scheduled__2025-06-01T00:00:00+00:00, execution_date=20250601T000000, start_date=20251109T073506, end_date=20251109T073512
[2025-11-09T07:35:13.036+0000] {local_task_job_runner.py:240} INFO - Task exited with return code 0
[2025-11-09T07:35:13.112+0000] {taskinstance.py:3503} INFO - 1 downstream tasks scheduled from follow-on schedule check
[2025-11-09T07:35:13.115+0000] {local_task_job_runner.py:222} INFO - ::endgroup::
