[2025-11-09T08:02:46.298+0000] {local_task_job_runner.py:120} INFO - ::group::Pre task execution logs
[2025-11-09T08:02:46.335+0000] {taskinstance.py:2076} INFO - Dependencies all met for dep_context=non-requeueable deps ti=<TaskInstance: ml_pipeline_dag.etl_bronze manual__2025-11-09T08:02:37.637744+00:00 [queued]>
[2025-11-09T08:02:46.342+0000] {taskinstance.py:2076} INFO - Dependencies all met for dep_context=requeueable deps ti=<TaskInstance: ml_pipeline_dag.etl_bronze manual__2025-11-09T08:02:37.637744+00:00 [queued]>
[2025-11-09T08:02:46.342+0000] {taskinstance.py:2306} INFO - Starting attempt 1 of 2
[2025-11-09T08:02:46.364+0000] {taskinstance.py:2330} INFO - Executing <Task(PythonOperator): etl_bronze> on 2025-11-09 08:02:37.637744+00:00
[2025-11-09T08:02:46.391+0000] {standard_task_runner.py:63} INFO - Started process 8960 to run task
[2025-11-09T08:02:46.403+0000] {standard_task_runner.py:90} INFO - Running: ['airflow', 'tasks', 'run', 'ml_pipeline_dag', 'etl_bronze', 'manual__2025-11-09T08:02:37.637744+00:00', '--job-id', '194', '--raw', '--subdir', 'DAGS_FOLDER/ml_pipeline_dag.py', '--cfg-path', '/tmp/tmpoj9ikqf9']
[2025-11-09T08:02:46.436+0000] {standard_task_runner.py:91} INFO - Job 194: Subtask etl_bronze
[2025-11-09T08:02:46.742+0000] {task_command.py:426} INFO - Running <TaskInstance: ml_pipeline_dag.etl_bronze manual__2025-11-09T08:02:37.637744+00:00 [running]> on host 43f902d7ce51
[2025-11-09T08:02:46.882+0000] {taskinstance.py:2648} INFO - Exporting env vars: AIRFLOW_CTX_DAG_OWNER='airflow' AIRFLOW_CTX_DAG_ID='ml_pipeline_dag' AIRFLOW_CTX_TASK_ID='etl_bronze' AIRFLOW_CTX_EXECUTION_DATE='2025-11-09T08:02:37.637744+00:00' AIRFLOW_CTX_TRY_NUMBER='1' AIRFLOW_CTX_DAG_RUN_ID='manual__2025-11-09T08:02:37.637744+00:00'
[2025-11-09T08:02:46.884+0000] {taskinstance.py:430} INFO - ::endgroup::
[2025-11-09T08:02:51.563+0000] {logging_mixin.py:188} INFO - >>> Running Bronze Ingest...
[2025-11-09T08:02:51.565+0000] {logging_mixin.py:188} INFO - === BRONZE: ingest raw CSV -> parquet (lowercase cols) ===
[2025-11-09T08:02:52.290+0000] {logging_mixin.py:188} INFO - [BRONZE] lms -> datamart/bronze/lms.parquet rows=137500
[2025-11-09T08:02:52.487+0000] {logging_mixin.py:188} INFO - [BRONZE] financials -> datamart/bronze/financials.parquet rows=12500
[2025-11-09T08:02:52.511+0000] {logging_mixin.py:188} INFO - [BRONZE] attributes -> datamart/bronze/attributes.parquet rows=12500
[2025-11-09T08:02:54.344+0000] {logging_mixin.py:188} INFO - [BRONZE] clickstream -> datamart/bronze/clickstream.parquet rows=215376
[2025-11-09T08:02:54.346+0000] {logging_mixin.py:188} INFO - ✅ Bronze done
[2025-11-09T08:02:54.351+0000] {python.py:237} INFO - Done. Returned value was: None
[2025-11-09T08:02:54.352+0000] {taskinstance.py:441} INFO - ::group::Post task execution logs
[2025-11-09T08:02:54.409+0000] {taskinstance.py:1206} INFO - Marking task as SUCCESS. dag_id=ml_pipeline_dag, task_id=etl_bronze, run_id=manual__2025-11-09T08:02:37.637744+00:00, execution_date=20251109T080237, start_date=20251109T080246, end_date=20251109T080254
[2025-11-09T08:02:54.467+0000] {local_task_job_runner.py:240} INFO - Task exited with return code 0
[2025-11-09T08:02:54.545+0000] {taskinstance.py:3503} INFO - 1 downstream tasks scheduled from follow-on schedule check
[2025-11-09T08:02:54.548+0000] {local_task_job_runner.py:222} INFO - ::endgroup::
